Log file open, 01/25/19 21:41:49
LogWindows: Failed to load 'aqProf.dll' (GetLastError=126)
LogWindows: File 'aqProf.dll' does not exist
LogWindows: Failed to load 'VtuneApi.dll' (GetLastError=126)
LogWindows: File 'VtuneApi.dll' does not exist
LogWindows: Failed to load 'VtuneApi32e.dll' (GetLastError=126)
LogWindows: File 'VtuneApi32e.dll' does not exist
LogConsoleResponse: Display: Failed to find resolution value strings in scalability ini. Falling back to default.
LogInit: Display: Running engine for game: GGJ_UE_Workshop
LogPakFile: Registered encryption key '00000000000000000000000000000000': 0 pak files mounted, 0 remain pending
LogPlatformFile: Not using cached read wrapper
LogTaskGraph: Started task graph with 5 named threads and 47 total threads with 3 sets of task threads.
LogStats: Stats thread started at 0.567353
LogD3D11RHI: Loaded GFSDK_Aftermath_Lib.x64.dll
LogICUInternationalization: ICU TimeZone Detection - Raw Offset: -5:00, Platform Override: ''
LogPluginManager: Mounting plugin Paper2D
LogPluginManager: Mounting plugin AISupport
LogPluginManager: Mounting plugin LightPropagationVolume
LogPluginManager: Mounting plugin ActorLayerUtilities
LogPluginManager: Mounting plugin CLionSourceCodeAccess
LogPluginManager: Mounting plugin CodeLiteSourceCodeAccess
LogPluginManager: Mounting plugin GitSourceControl
LogPluginManager: Mounting plugin KDevelopSourceCodeAccess
LogPluginManager: Mounting plugin NullSourceCodeAccess
LogPluginManager: Mounting plugin PerforceSourceControl
LogPluginManager: Mounting plugin SubversionSourceControl
LogPluginManager: Mounting plugin UObjectPlugin
LogPluginManager: Mounting plugin VisualStudioCodeSourceCodeAccess
LogPluginManager: Mounting plugin VisualStudioSourceCodeAccess
LogPluginManager: Mounting plugin XCodeSourceCodeAccess
LogPluginManager: Mounting plugin AssetManagerEditor
LogPluginManager: Mounting plugin CryptoKeys
LogPluginManager: Mounting plugin DataValidation
LogPluginManager: Mounting plugin FacialAnimation
LogPluginManager: Mounting plugin GameplayTagsEditor
LogPluginManager: Mounting plugin MacGraphicsSwitching
LogPluginManager: Mounting plugin MeshEditor
LogPluginManager: Mounting plugin MobileLauncherProfileWizard
LogPluginManager: Mounting plugin PluginBrowser
LogPluginManager: Mounting plugin SpeedTreeImporter
LogPluginManager: Mounting plugin DatasmithContent
LogPluginManager: Mounting plugin VariantManagerContent
LogPluginManager: Mounting plugin AlembicImporter
LogPluginManager: Mounting plugin AppleImageUtils
LogPluginManager: Mounting plugin AppleVision
LogPluginManager: Mounting plugin BackChannel
LogPluginManager: Mounting plugin CharacterAI
LogPluginManager: Mounting plugin GeometryCache
LogPluginManager: Mounting plugin HTML5Networking
LogPluginManager: Mounting plugin ProxyLODPlugin
LogPluginManager: Mounting plugin Niagara
LogPluginManager: Mounting plugin NiagaraExtras
LogPluginManager: Mounting plugin MagicLeap
LogPluginManager: Mounting plugin MagicLeapMedia
LogPluginManager: Mounting plugin PivotTool
LogPluginManager: Mounting plugin AndroidMedia
LogPluginManager: Mounting plugin AvfMedia
LogPluginManager: Mounting plugin ImgMedia
LogPluginManager: Mounting plugin LinearTimecode
LogPluginManager: Mounting plugin MediaCompositing
LogPluginManager: Mounting plugin MediaPlayerEditor
LogPluginManager: Mounting plugin WebMMedia
LogPluginManager: Mounting plugin WmfMedia
LogPluginManager: Mounting plugin TcpMessaging
LogPluginManager: Mounting plugin UdpMessaging
LogPluginManager: Mounting plugin ActorSequence
LogPluginManager: Mounting plugin LevelSequenceEditor
LogPluginManager: Mounting plugin MatineeToLevelSequence
LogPluginManager: Mounting plugin NetcodeUnitTest
LogPluginManager: Mounting plugin NUTUnrealEngine4
LogPluginManager: Mounting plugin OnlineSubsystemGooglePlay
LogPluginManager: Mounting plugin OnlineSubsystemIOS
LogPluginManager: Mounting plugin OnlineSubsystem
LogPluginManager: Mounting plugin OnlineSubsystemNull
LogPluginManager: Mounting plugin OnlineSubsystemUtils
LogPluginManager: Mounting plugin LauncherChunkInstaller
LogPluginManager: Mounting plugin AndroidDeviceProfileSelector
LogPluginManager: Mounting plugin AndroidMoviePlayer
LogPluginManager: Mounting plugin AndroidPermission
LogPluginManager: Mounting plugin AppleMoviePlayer
LogPluginManager: Mounting plugin ArchVisCharacter
LogPluginManager: Mounting plugin AudioCapture
LogPluginManager: Mounting plugin CableComponent
LogPluginManager: Mounting plugin CustomMeshComponent
LogPluginManager: Mounting plugin EditableMesh
LogPluginManager: Mounting plugin ExampleDeviceProfileSelector
LogPluginManager: Mounting plugin Firebase
LogPluginManager: Mounting plugin GoogleCloudMessaging
LogPluginManager: Mounting plugin IOSDeviceProfileSelector
LogPluginManager: Mounting plugin LinuxDeviceProfileSelector
LogPluginManager: Mounting plugin LocationServicesBPLibrary
LogPluginManager: Mounting plugin MobilePatchingUtils
LogPluginManager: Mounting plugin OculusVR
LogPluginManager: Mounting plugin PhysXVehicles
LogPluginManager: Mounting plugin ProceduralMeshComponent
LogPluginManager: Mounting plugin RuntimePhysXCooking
LogPluginManager: Mounting plugin SteamVR
LogPluginManager: Mounting plugin WebMMoviePlayer
LogPluginManager: Mounting plugin WindowsMoviePlayer
LogStreaming: Display: Took  0.072s to configure plugins.
LogInit: Using libcurl 7.55.1-DEV
LogInit:  - built for x86_64-pc-win32
LogInit:  - supports SSL with OpenSSL/1.0.2h
LogInit:  - supports HTTP deflate (compression) using libz 1.2.8
LogInit:  - other features:
LogInit:      CURL_VERSION_SSL
LogInit:      CURL_VERSION_LIBZ
LogInit:      CURL_VERSION_IPV6
LogInit:      CURL_VERSION_ASYNCHDNS
LogInit:      CURL_VERSION_LARGEFILE
LogInit:      CURL_VERSION_IDN
LogInit:  CurlRequestOptions (configurable via config and command line):
LogInit:  - bVerifyPeer = true  - Libcurl will verify peer certificate
LogInit:  - bUseHttpProxy = false  - Libcurl will NOT use HTTP proxy
LogInit:  - bDontReuseConnections = false  - Libcurl will reuse connections
LogInit:  - MaxHostConnections = 16  - Libcurl will limit the number of connections to a host
LogInit:  - LocalHostAddr = Default
LogInit:  - BufferSize = 65536
LogInit: WinSock: version 1.1 (2.2), MaxSocks=32767, MaxUdp=65467
LogHMD: Failed initializing OVRPlugin 1.28.0
LogInit: Build: ++UE4+Release-4.21-CL-4613538
LogInit: Engine Version: 4.21.1-4613538+++UE4+Release-4.21
LogInit: Compatible Engine Version: 4.21.0-4541578+++UE4+Release-4.21
LogInit: Net CL: 4541578
LogInit: OS: Windows 10 (), CPU: AMD Ryzen 7 2700X Eight-Core Processor         , GPU: NVIDIA GeForce GTX 1080
LogInit: Compiled (64-bit): Nov 30 2018 04:13:25
LogInit: Compiled with Visual C++: 19.13.26129.00
LogInit: Build Configuration: Development
LogInit: Branch Name: ++UE4+Release-4.21
LogInit: Command Line: 
LogInit: Base Directory: F:/Development/Epic Games/UE_4.21/Engine/Binaries/Win64/
LogInit: Installed Engine Build: 1
LogDevObjectVersion: Number of dev versions registered: 22
LogDevObjectVersion:   Dev-Blueprints (B0D832E4-1F89-4F0D-ACCF-7EB736FD4AA2): 10
LogDevObjectVersion:   Dev-Build (E1C64328-A22C-4D53-A36C-8E866417BD8C): 0
LogDevObjectVersion:   Dev-Core (375EC13C-06E4-48FB-B500-84F0262A717E): 2
LogDevObjectVersion:   Dev-Editor (E4B068ED-F494-42E9-A231-DA0B2E46BB41): 26
LogDevObjectVersion:   Dev-Framework (CFFC743F-43B0-4480-9391-14DF171D2073): 34
LogDevObjectVersion:   Dev-Mobile (B02B49B5-BB20-44E9-A304-32B752E40360): 2
LogDevObjectVersion:   Dev-Networking (A4E4105C-59A1-49B5-A7C5-40C4547EDFEE): 0
LogDevObjectVersion:   Dev-Online (39C831C9-5AE6-47DC-9A44-9C173E1C8E7C): 0
LogDevObjectVersion:   Dev-Physics (78F01B33-EBEA-4F98-B9B4-84EACCB95AA2): 0
LogDevObjectVersion:   Dev-Platform (6631380F-2D4D-43E0-8009-CF276956A95A): 0
LogDevObjectVersion:   Dev-Rendering (12F88B9F-8875-4AFC-A67C-D90C383ABD29): 27
LogDevObjectVersion:   Dev-Sequencer (7B5AE74C-D270-4C10-A958-57980B212A5A): 9
LogDevObjectVersion:   Dev-VR (D7296918-1DD6-4BDD-9DE2-64A83CC13884): 2
LogDevObjectVersion:   Dev-LoadTimes (C2A15278-BFE7-4AFE-6C17-90FF531DF755): 1
LogDevObjectVersion:   Private-Geometry (6EACA3D4-40EC-4CC1-B786-8BED09428FC5): 3
LogDevObjectVersion:   Dev-AnimPhys (29E575DD-E0A3-4627-9D10-D276232CDCEA): 17
LogDevObjectVersion:   Dev-Anim (AF43A65D-7FD3-4947-9873-3E8ED9C1BB05): 2
LogDevObjectVersion:   Dev-ReflectionCapture (6B266CEC-1EC7-4B8F-A30B-E4D90942FC07): 1
LogDevObjectVersion:   Dev-Automation (0DF73D61-A23F-47EA-B727-89E90C41499A): 1
LogDevObjectVersion:   FortniteMain (601D1886-AC64-4F84-AA16-D3DE0DEAC7D6): 17
LogDevObjectVersion:   Dev-Enterprise (9DFFBCD6-494F-0158-E221-12823C92A888): 4
LogDevObjectVersion:   Dev-Niagara (F2AED0AC-9AFE-416F-8664-AA7FFA26D6FC): 1
LogStreaming: Display: Took  0.001s to delete old logs.
LogInit: Presizing for max 8388607 objects, including 0 objects not considered by GC, pre-allocating 0 bytes for permanent pool.
LogInit: Object subsystem initialized
LogConfig: Setting CVar [[con.DebugEarlyDefault:1]]
LogConfig: Setting CVar [[r.setres:1280x720]]
[2019.01.26-02.41.50:320][  0]LogConfig: Setting CVar [[r.VSync:0]]
[2019.01.26-02.41.50:320][  0]LogConfig: Setting CVar [[r.RHICmdBypass:0]]
[2019.01.26-02.41.50:320][  0]LogConfig: Applying CVar settings from Section [/Script/Engine.RendererSettings] File [F:/Projects/Unreal/GGJ_UE_Workshop/Saved/Config/Windows/Engine.ini]
[2019.01.26-02.41.50:320][  0]LogConfig: Setting CVar [[r.GPUCrashDebugging:0]]
[2019.01.26-02.41.50:320][  0]LogConfig: Setting CVar [[r.DefaultFeature.AmbientOcclusion:0]]
[2019.01.26-02.41.50:320][  0]LogConfig: Setting CVar [[r.DefaultFeature.AmbientOcclusionStaticFraction:0]]
[2019.01.26-02.41.50:320][  0]LogConfig: Setting CVar [[vr.InstancedStereo:1]]
[2019.01.26-02.41.50:320][  0]LogConfig: Setting CVar [[r.SeparateTranslucency:0]]
[2019.01.26-02.41.50:320][  0]LogConfig: Setting CVar [[r.HZBOcclusion:0]]
[2019.01.26-02.41.50:320][  0]LogConfig: Setting CVar [[r.SSR.MaxRoughness:0]]
[2019.01.26-02.41.50:320][  0]LogConfig: Setting CVar [[r.rhicmdbypass:0]]
[2019.01.26-02.41.50:320][  0]LogConfig: Setting CVar [[r.ForwardShading:1]]
[2019.01.26-02.41.50:320][  0]LogConfig: Setting CVar [[r.GenerateMeshDistanceFields:1]]
[2019.01.26-02.41.50:320][  0]LogConfig: Applying CVar settings from Section [/Script/Engine.RendererOverrideSettings] File [F:/Projects/Unreal/GGJ_UE_Workshop/Saved/Config/Windows/Engine.ini]
[2019.01.26-02.41.50:320][  0]LogConfig: Applying CVar settings from Section [/Script/Engine.StreamingSettings] File [F:/Projects/Unreal/GGJ_UE_Workshop/Saved/Config/Windows/Engine.ini]
[2019.01.26-02.41.50:320][  0]LogConfig: Setting CVar [[s.MinBulkDataSizeForAsyncLoading:131072]]
[2019.01.26-02.41.50:320][  0]LogConfig: Setting CVar [[s.AsyncLoadingThreadEnabled:0]]
[2019.01.26-02.41.50:320][  0]LogConfig: Setting CVar [[s.EventDrivenLoaderEnabled:1]]
[2019.01.26-02.41.50:320][  0]LogConfig: Setting CVar [[s.WarnIfTimeLimitExceeded:0]]
[2019.01.26-02.41.50:320][  0]LogConfig: Setting CVar [[s.TimeLimitExceededMultiplier:1.5]]
[2019.01.26-02.41.50:320][  0]LogConfig: Setting CVar [[s.TimeLimitExceededMinTime:0.005]]
[2019.01.26-02.41.50:320][  0]LogConfig: Setting CVar [[s.UseBackgroundLevelStreaming:1]]
[2019.01.26-02.41.50:320][  0]LogConfig: Setting CVar [[s.PriorityAsyncLoadingExtraTime:15.0]]
[2019.01.26-02.41.50:320][  0]LogConfig: Setting CVar [[s.LevelStreamingActorsUpdateTimeLimit:5.0]]
[2019.01.26-02.41.50:320][  0]LogConfig: Setting CVar [[s.PriorityLevelStreamingActorsUpdateExtraTime:5.0]]
[2019.01.26-02.41.50:320][  0]LogConfig: Setting CVar [[s.LevelStreamingComponentsRegistrationGranularity:10]]
[2019.01.26-02.41.50:320][  0]LogConfig: Setting CVar [[s.UnregisterComponentsTimeLimit:1.0]]
[2019.01.26-02.41.50:320][  0]LogConfig: Setting CVar [[s.LevelStreamingComponentsUnregistrationGranularity:5]]
[2019.01.26-02.41.50:320][  0]LogConfig: Applying CVar settings from Section [/Script/Engine.GarbageCollectionSettings] File [F:/Projects/Unreal/GGJ_UE_Workshop/Saved/Config/Windows/Engine.ini]
[2019.01.26-02.41.50:320][  0]LogConfig: Setting CVar [[gc.MaxObjectsNotConsideredByGC:1]]
[2019.01.26-02.41.50:320][  0]LogConfig: Setting CVar [[gc.SizeOfPermanentObjectPool:0]]
[2019.01.26-02.41.50:321][  0]LogConfig: Setting CVar [[gc.FlushStreamingOnGC:0]]
[2019.01.26-02.41.50:321][  0]LogConfig: Setting CVar [[gc.NumRetriesBeforeForcingGC:10]]
[2019.01.26-02.41.50:321][  0]LogConfig: Setting CVar [[gc.AllowParallelGC:1]]
[2019.01.26-02.41.50:321][  0]LogConfig: Setting CVar [[gc.TimeBetweenPurgingPendingKillObjects:61.1]]
[2019.01.26-02.41.50:321][  0]LogConfig: Setting CVar [[gc.MaxObjectsInEditor:8388607]]
[2019.01.26-02.41.50:321][  0]LogConfig: Setting CVar [[gc.IncrementalBeginDestroyEnabled:1]]
[2019.01.26-02.41.50:321][  0]LogConfig: Setting CVar [[gc.CreateGCClusters:1]]
[2019.01.26-02.41.50:321][  0]LogConfig: Setting CVar [[gc.MergeGCClusters:0]]
[2019.01.26-02.41.50:321][  0]LogConfig: Setting CVar [[gc.MinGCClusterSize:5]]
[2019.01.26-02.41.50:321][  0]LogConfig: Setting CVar [[gc.ActorClusteringEnabled:0]]
[2019.01.26-02.41.50:321][  0]LogConfig: Setting CVar [[gc.BlueprintClusteringEnabled:0]]
[2019.01.26-02.41.50:321][  0]LogConfig: Setting CVar [[gc.UseDisregardForGCOnDedicatedServers:0]]
[2019.01.26-02.41.50:321][  0]LogConfig: Applying CVar settings from Section [/Script/Engine.NetworkSettings] File [F:/Projects/Unreal/GGJ_UE_Workshop/Saved/Config/Windows/Engine.ini]
[2019.01.26-02.41.50:321][  0]LogConfig: Applying CVar settings from Section [/Script/UnrealEd.CookerSettings] File [F:/Projects/Unreal/GGJ_UE_Workshop/Saved/Config/Windows/Engine.ini]
[2019.01.26-02.41.50:322][  0]LogConfig: Applying CVar settings from Section [ViewDistanceQuality@3] File [F:/Projects/Unreal/GGJ_UE_Workshop/Saved/Config/Windows/Scalability.ini]
[2019.01.26-02.41.50:322][  0]LogConfig: Setting CVar [[r.SkeletalMeshLODBias:0]]
[2019.01.26-02.41.50:322][  0]LogConfig: Setting CVar [[r.ViewDistanceScale:1.0]]
[2019.01.26-02.41.50:322][  0]LogConfig: Applying CVar settings from Section [AntiAliasingQuality@3] File [F:/Projects/Unreal/GGJ_UE_Workshop/Saved/Config/Windows/Scalability.ini]
[2019.01.26-02.41.50:322][  0]LogConfig: Setting CVar [[r.PostProcessAAQuality:3]]
[2019.01.26-02.41.50:322][  0]LogConfig: Applying CVar settings from Section [ShadowQuality@3] File [F:/Projects/Unreal/GGJ_UE_Workshop/Saved/Config/Windows/Scalability.ini]
[2019.01.26-02.41.50:322][  0]LogConfig: Setting CVar [[r.LightFunctionQuality:1]]
[2019.01.26-02.41.50:322][  0]LogConfig: Setting CVar [[r.ShadowQuality:5]]
[2019.01.26-02.41.50:322][  0]LogConfig: Setting CVar [[r.Shadow.CSM.MaxCascades:10]]
[2019.01.26-02.41.50:322][  0]LogConfig: Setting CVar [[r.Shadow.MaxResolution:2048]]
[2019.01.26-02.41.50:322][  0]LogConfig: Setting CVar [[r.Shadow.MaxCSMResolution:2048]]
[2019.01.26-02.41.50:322][  0]LogConfig: Setting CVar [[r.Shadow.RadiusThreshold:0.01]]
[2019.01.26-02.41.50:322][  0]LogConfig: Setting CVar [[r.Shadow.DistanceScale:1.0]]
[2019.01.26-02.41.50:322][  0]LogConfig: Setting CVar [[r.Shadow.CSM.TransitionScale:1.0]]
[2019.01.26-02.41.50:322][  0]LogConfig: Setting CVar [[r.Shadow.PreShadowResolutionFactor:1.0]]
[2019.01.26-02.41.50:322][  0]LogConfig: Setting CVar [[r.DistanceFieldShadowing:1]]
[2019.01.26-02.41.50:322][  0]LogConfig: Setting CVar [[r.DistanceFieldAO:1]]
[2019.01.26-02.41.50:322][  0]LogConfig: Setting CVar [[r.AOQuality:2]]
[2019.01.26-02.41.50:322][  0]LogConfig: Setting CVar [[r.VolumetricFog:1]]
[2019.01.26-02.41.50:322][  0]LogConfig: Setting CVar [[r.VolumetricFog.GridPixelSize:8]]
[2019.01.26-02.41.50:322][  0]LogConfig: Setting CVar [[r.VolumetricFog.GridSizeZ:128]]
[2019.01.26-02.41.50:322][  0]LogConfig: Setting CVar [[r.VolumetricFog.HistoryMissSupersampleCount:4]]
[2019.01.26-02.41.50:322][  0]LogConfig: Setting CVar [[r.LightMaxDrawDistanceScale:1]]
[2019.01.26-02.41.50:322][  0]LogConfig: Setting CVar [[r.CapsuleShadows:1]]
[2019.01.26-02.41.50:322][  0]LogConfig: Applying CVar settings from Section [PostProcessQuality@3] File [F:/Projects/Unreal/GGJ_UE_Workshop/Saved/Config/Windows/Scalability.ini]
[2019.01.26-02.41.50:322][  0]LogConfig: Setting CVar [[r.MotionBlurQuality:0]]
[2019.01.26-02.41.50:322][  0]LogConfig: Setting CVar [[r.AmbientOcclusionMipLevelFactor:0.4]]
[2019.01.26-02.41.50:322][  0]LogConfig: Setting CVar [[r.AmbientOcclusionMaxQuality:100]]
[2019.01.26-02.41.50:322][  0]LogConfig: Setting CVar [[r.AmbientOcclusionLevels:0]]
[2019.01.26-02.41.50:322][  0]LogConfig: Setting CVar [[r.AmbientOcclusionRadiusScale:1.0]]
[2019.01.26-02.41.50:323][  0]LogConfig: Setting CVar [[r.DepthOfFieldQuality:0]]
[2019.01.26-02.41.50:323][  0]LogConfig: Setting CVar [[r.RenderTargetPoolMin:400]]
[2019.01.26-02.41.50:323][  0]LogConfig: Setting CVar [[r.LensFlareQuality:0]]
[2019.01.26-02.41.50:323][  0]LogConfig: Setting CVar [[r.SceneColorFringeQuality:0]]
[2019.01.26-02.41.50:323][  0]LogConfig: Setting CVar [[r.EyeAdaptationQuality:2]]
[2019.01.26-02.41.50:323][  0]LogConfig: Setting CVar [[r.BloomQuality:1]]
[2019.01.26-02.41.50:323][  0]LogConfig: Setting CVar [[r.FastBlurThreshold:0]]
[2019.01.26-02.41.50:323][  0]LogConfig: Setting CVar [[r.Upscale.Quality:3]]
[2019.01.26-02.41.50:323][  0]LogConfig: Setting CVar [[r.Tonemapper.GrainQuantization:1]]
[2019.01.26-02.41.50:323][  0]LogConfig: Setting CVar [[r.LightShaftQuality:1]]
[2019.01.26-02.41.50:323][  0]LogConfig: Setting CVar [[r.Filter.SizeScale:1]]
[2019.01.26-02.41.50:323][  0]LogConfig: Setting CVar [[r.Tonemapper.Quality:5]]
[2019.01.26-02.41.50:323][  0]LogConfig: Setting CVar [[r.DOF.Gather.AccumulatorQuality:1        ; higher gathering accumulator quality]]
[2019.01.26-02.41.50:323][  0]LogConfig: Setting CVar [[r.DOF.Gather.PostfilterMethod:1          ; Median3x3 postfilering method]]
[2019.01.26-02.41.50:323][  0]LogConfig: Setting CVar [[r.DOF.Gather.EnableBokehSettings:0       ; no bokeh simulation when gathering]]
[2019.01.26-02.41.50:323][  0]LogConfig: Setting CVar [[r.DOF.Gather.RingCount:4                 ; medium number of samples when gathering]]
[2019.01.26-02.41.50:323][  0]LogConfig: Setting CVar [[r.DOF.Scatter.ForegroundCompositing:1    ; additive foreground scattering]]
[2019.01.26-02.41.50:323][  0]LogConfig: Setting CVar [[r.DOF.Scatter.BackgroundCompositing:2    ; additive background scattering]]
[2019.01.26-02.41.50:323][  0]LogConfig: Setting CVar [[r.DOF.Scatter.EnableBokehSettings:1      ; bokeh simulation when scattering]]
[2019.01.26-02.41.50:323][  0]LogConfig: Setting CVar [[r.DOF.Scatter.MaxSpriteRatio:0.1         ; only a maximum of 10% of scattered bokeh]]
[2019.01.26-02.41.50:323][  0]LogConfig: Setting CVar [[r.DOF.Recombine.Quality:1                ; cheap slight out of focus]]
[2019.01.26-02.41.50:323][  0]LogConfig: Setting CVar [[r.DOF.Recombine.EnableBokehSettings:0    ; no bokeh simulation on slight out of focus]]
[2019.01.26-02.41.50:323][  0]LogConfig: Setting CVar [[r.DOF.TemporalAAQuality:1                ; more stable temporal accumulation]]
[2019.01.26-02.41.50:323][  0]LogConfig: Setting CVar [[r.DOF.Kernel.MaxForegroundRadius:0.025]]
[2019.01.26-02.41.50:323][  0]LogConfig: Setting CVar [[r.DOF.Kernel.MaxBackgroundRadius:0.025]]
[2019.01.26-02.41.50:323][  0]LogConfig: Applying CVar settings from Section [TextureQuality@3] File [F:/Projects/Unreal/GGJ_UE_Workshop/Saved/Config/Windows/Scalability.ini]
[2019.01.26-02.41.50:323][  0]LogConfig: Setting CVar [[r.Streaming.MipBias:0]]
[2019.01.26-02.41.50:323][  0]LogConfig: Setting CVar [[r.Streaming.AmortizeCPUToGPUCopy:0]]
[2019.01.26-02.41.50:323][  0]LogConfig: Setting CVar [[r.Streaming.MaxNumTexturesToStreamPerFrame:0]]
[2019.01.26-02.41.50:323][  0]LogConfig: Setting CVar [[r.Streaming.Boost:1]]
[2019.01.26-02.41.50:323][  0]LogConfig: Setting CVar [[r.MaxAnisotropy:8]]
[2019.01.26-02.41.50:323][  0]LogConfig: Setting CVar [[r.Streaming.LimitPoolSizeToVRAM:0]]
[2019.01.26-02.41.50:323][  0]LogConfig: Setting CVar [[r.Streaming.PoolSize:1000]]
[2019.01.26-02.41.50:323][  0]LogConfig: Setting CVar [[r.Streaming.MaxEffectiveScreenSize:0]]
[2019.01.26-02.41.50:323][  0]LogConfig: Applying CVar settings from Section [EffectsQuality@3] File [F:/Projects/Unreal/GGJ_UE_Workshop/Saved/Config/Windows/Scalability.ini]
[2019.01.26-02.41.50:323][  0]LogConfig: Setting CVar [[r.TranslucencyLightingVolumeDim:4]]
[2019.01.26-02.41.50:323][  0]LogConfig: Setting CVar [[r.RefractionQuality:2]]
[2019.01.26-02.41.50:323][  0]LogConfig: Setting CVar [[r.SSR.Quality:0]]
[2019.01.26-02.41.50:323][  0]LogConfig: Setting CVar [[r.SceneColorFormat:2]]
[2019.01.26-02.41.50:323][  0]LogConfig: Setting CVar [[r.DetailMode:2]]
[2019.01.26-02.41.50:323][  0]LogConfig: Setting CVar [[r.TranslucencyVolumeBlur:0]]
[2019.01.26-02.41.50:323][  0]LogConfig: Setting CVar [[r.MaterialQualityLevel:1 ; High quality]]
[2019.01.26-02.41.50:323][  0]LogConfig: Setting CVar [[r.SSS.Scale:1]]
[2019.01.26-02.41.50:323][  0]LogConfig: Setting CVar [[r.SSS.SampleSet:2]]
[2019.01.26-02.41.50:323][  0]LogConfig: Setting CVar [[r.SSS.Quality:1]]
[2019.01.26-02.41.50:323][  0]LogConfig: Setting CVar [[r.SSS.HalfRes:1]]
[2019.01.26-02.41.50:323][  0]LogConfig: Setting CVar [[r.EmitterSpawnRateScale:1.0]]
[2019.01.26-02.41.50:323][  0]LogConfig: Setting CVar [[r.ParticleLightQuality:2]]
[2019.01.26-02.41.50:323][  0]LogConfig: Applying CVar settings from Section [FoliageQuality@3] File [F:/Projects/Unreal/GGJ_UE_Workshop/Saved/Config/Windows/Scalability.ini]
[2019.01.26-02.41.50:323][  0]LogConfig: Setting CVar [[foliage.DensityScale:1.0]]
[2019.01.26-02.41.50:323][  0]LogConfig: Setting CVar [[grass.DensityScale:1.0]]
[2019.01.26-02.41.50:323][  0]LogInit: Selected Device Profile: [Windows]
[2019.01.26-02.41.50:323][  0]LogInit: Applying CVar settings loaded from the selected device profile: [Windows]
[2019.01.26-02.41.50:343][  0]LogHAL: Display: Platform has ~ 16 GB [17111269376 / 17179869184 / 16], which maps to Larger [LargestMinGB=32, LargerMinGB=12, DefaultMinGB=8, SmallerMinGB=6, SmallestMinGB=0)
[2019.01.26-02.41.50:343][  0]LogConfig: Setting CVar [[r.Vulkan.UseRealUBs:1]]
[2019.01.26-02.41.50:343][  0]LogInit: Going up to parent DeviceProfile []
[2019.01.26-02.41.50:343][  0]LogConfig: Applying CVar settings from Section [ViewDistanceQuality@0] File [F:/Projects/Unreal/GGJ_UE_Workshop/Saved/Config/Windows/Scalability.ini]
[2019.01.26-02.41.50:344][  0]LogConfig: Setting CVar [[r.SkeletalMeshLODBias:2]]
[2019.01.26-02.41.50:344][  0]LogConfig: Setting CVar [[r.ViewDistanceScale:0.4]]
[2019.01.26-02.41.50:344][  0]LogConfig: Applying CVar settings from Section [AntiAliasingQuality@0] File [F:/Projects/Unreal/GGJ_UE_Workshop/Saved/Config/Windows/Scalability.ini]
[2019.01.26-02.41.50:344][  0]LogConfig: Setting CVar [[r.PostProcessAAQuality:0]]
[2019.01.26-02.41.50:344][  0]LogConfig: Applying CVar settings from Section [ShadowQuality@0] File [F:/Projects/Unreal/GGJ_UE_Workshop/Saved/Config/Windows/Scalability.ini]
[2019.01.26-02.41.50:344][  0]LogConfig: Setting CVar [[r.LightFunctionQuality:0]]
[2019.01.26-02.41.50:344][  0]LogConfig: Setting CVar [[r.ShadowQuality:0]]
[2019.01.26-02.41.50:344][  0]LogConfig: Setting CVar [[r.Shadow.CSM.MaxCascades:1]]
[2019.01.26-02.41.50:344][  0]LogConfig: Setting CVar [[r.Shadow.MaxResolution:512]]
[2019.01.26-02.41.50:344][  0]LogConfig: Setting CVar [[r.Shadow.MaxCSMResolution:512]]
[2019.01.26-02.41.50:344][  0]LogConfig: Setting CVar [[r.Shadow.RadiusThreshold:0.06]]
[2019.01.26-02.41.50:344][  0]LogConfig: Setting CVar [[r.Shadow.DistanceScale:0.6]]
[2019.01.26-02.41.50:344][  0]LogConfig: Setting CVar [[r.Shadow.CSM.TransitionScale:0]]
[2019.01.26-02.41.50:344][  0]LogConfig: Setting CVar [[r.Shadow.PreShadowResolutionFactor:0.5]]
[2019.01.26-02.41.50:344][  0]LogConfig: Setting CVar [[r.DistanceFieldShadowing:0]]
[2019.01.26-02.41.50:344][  0]LogConfig: Setting CVar [[r.DistanceFieldAO:0]]
[2019.01.26-02.41.50:344][  0]LogConfig: Setting CVar [[r.VolumetricFog:0]]
[2019.01.26-02.41.50:344][  0]LogConfig: Setting CVar [[r.LightMaxDrawDistanceScale:0]]
[2019.01.26-02.41.50:344][  0]LogConfig: Setting CVar [[r.CapsuleShadows:0]]
[2019.01.26-02.41.50:344][  0]LogConfig: Applying CVar settings from Section [PostProcessQuality@0] File [F:/Projects/Unreal/GGJ_UE_Workshop/Saved/Config/Windows/Scalability.ini]
[2019.01.26-02.41.50:344][  0]LogConfig: Setting CVar [[r.MotionBlurQuality:0]]
[2019.01.26-02.41.50:344][  0]LogConfig: Setting CVar [[r.AmbientOcclusionMipLevelFactor:1.0]]
[2019.01.26-02.41.50:344][  0]LogConfig: Setting CVar [[r.AmbientOcclusionMaxQuality:0]]
[2019.01.26-02.41.50:344][  0]LogConfig: Setting CVar [[r.AmbientOcclusionLevels:0]]
[2019.01.26-02.41.50:344][  0]LogConfig: Setting CVar [[r.AmbientOcclusionRadiusScale:1.2]]
[2019.01.26-02.41.50:344][  0]LogConfig: Setting CVar [[r.DepthOfFieldQuality:0]]
[2019.01.26-02.41.50:344][  0]LogConfig: Setting CVar [[r.RenderTargetPoolMin:300]]
[2019.01.26-02.41.50:344][  0]LogConfig: Setting CVar [[r.LensFlareQuality:0]]
[2019.01.26-02.41.50:344][  0]LogConfig: Setting CVar [[r.SceneColorFringeQuality:0]]
[2019.01.26-02.41.50:344][  0]LogConfig: Setting CVar [[r.EyeAdaptationQuality:0]]
[2019.01.26-02.41.50:344][  0]LogConfig: Setting CVar [[r.BloomQuality:1]]
[2019.01.26-02.41.50:344][  0]LogConfig: Setting CVar [[r.FastBlurThreshold:0]]
[2019.01.26-02.41.50:344][  0]LogConfig: Setting CVar [[r.Upscale.Quality:1]]
[2019.01.26-02.41.50:344][  0]LogConfig: Setting CVar [[r.Tonemapper.GrainQuantization:0]]
[2019.01.26-02.41.50:344][  0]LogConfig: Setting CVar [[r.LightShaftQuality:0]]
[2019.01.26-02.41.50:344][  0]LogConfig: Setting CVar [[r.Filter.SizeScale:0.6]]
[2019.01.26-02.41.50:344][  0]LogConfig: Setting CVar [[r.Tonemapper.Quality:0]]
[2019.01.26-02.41.50:344][  0]LogConfig: Applying CVar settings from Section [TextureQuality@0] File [F:/Projects/Unreal/GGJ_UE_Workshop/Saved/Config/Windows/Scalability.ini]
[2019.01.26-02.41.50:344][  0]LogConfig: Setting CVar [[r.Streaming.MipBias:16]]
[2019.01.26-02.41.50:344][  0]LogConfig: Setting CVar [[r.Streaming.AmortizeCPUToGPUCopy:1]]
[2019.01.26-02.41.50:344][  0]LogConfig: Setting CVar [[r.Streaming.MaxNumTexturesToStreamPerFrame:1]]
[2019.01.26-02.41.50:344][  0]LogConfig: Setting CVar [[r.Streaming.Boost:0.3]]
[2019.01.26-02.41.50:344][  0]LogConfig: Setting CVar [[r.MaxAnisotropy:0]]
[2019.01.26-02.41.50:344][  0]LogConfig: Setting CVar [[r.Streaming.LimitPoolSizeToVRAM:1]]
[2019.01.26-02.41.50:344][  0]LogConfig: Setting CVar [[r.Streaming.PoolSize:400]]
[2019.01.26-02.41.50:344][  0]LogConfig: Setting CVar [[r.Streaming.MaxEffectiveScreenSize:0]]
[2019.01.26-02.41.50:344][  0]LogConfig: Applying CVar settings from Section [EffectsQuality@2] File [F:/Projects/Unreal/GGJ_UE_Workshop/Saved/Config/Windows/Scalability.ini]
[2019.01.26-02.41.50:344][  0]LogConfig: Setting CVar [[r.TranslucencyLightingVolumeDim:4]]
[2019.01.26-02.41.50:344][  0]LogConfig: Setting CVar [[r.RefractionQuality:2]]
[2019.01.26-02.41.50:344][  0]LogConfig: Setting CVar [[r.SSR.Quality:0]]
[2019.01.26-02.41.50:344][  0]LogConfig: Setting CVar [[r.SceneColorFormat:2]]
[2019.01.26-02.41.50:344][  0]LogConfig: Setting CVar [[r.DetailMode:1]]
[2019.01.26-02.41.50:344][  0]LogConfig: Setting CVar [[r.TranslucencyVolumeBlur:0]]
[2019.01.26-02.41.50:344][  0]LogConfig: Setting CVar [[r.MaterialQualityLevel:1 ; High quality]]
[2019.01.26-02.41.50:344][  0]LogConfig: Setting CVar [[r.SSS.Scale:1]]
[2019.01.26-02.41.50:344][  0]LogConfig: Setting CVar [[r.SSS.SampleSet:1]]
[2019.01.26-02.41.50:344][  0]LogConfig: Setting CVar [[r.SSS.Quality:-1]]
[2019.01.26-02.41.50:344][  0]LogConfig: Setting CVar [[r.SSS.HalfRes:1]]
[2019.01.26-02.41.50:344][  0]LogConfig: Setting CVar [[r.EmitterSpawnRateScale:0.5]]
[2019.01.26-02.41.50:344][  0]LogConfig: Setting CVar [[r.ParticleLightQuality:1]]
[2019.01.26-02.41.50:344][  0]LogConfig: Applying CVar settings from Section [FoliageQuality@0] File [F:/Projects/Unreal/GGJ_UE_Workshop/Saved/Config/Windows/Scalability.ini]
[2019.01.26-02.41.50:344][  0]LogConfig: Setting CVar [[foliage.DensityScale:0]]
[2019.01.26-02.41.50:344][  0]LogConfig: Setting CVar [[grass.DensityScale:0]]
[2019.01.26-02.41.50:344][  0]LogConfig: Applying CVar settings from Section [Startup] File [../../../Engine/Config/ConsoleVariables.ini]
[2019.01.26-02.41.50:348][  0]LogConfig: Setting CVar [[net.UseAdaptiveNetUpdateFrequency:0]]
[2019.01.26-02.41.50:348][  0]LogConfig: Applying CVar settings from Section [ConsoleVariables] File [F:/Projects/Unreal/GGJ_UE_Workshop/Saved/Config/Windows/Engine.ini]
[2019.01.26-02.41.50:348][  0]LogInit: Computer: WHITECUBE
[2019.01.26-02.41.50:348][  0]LogInit: User: Edward
[2019.01.26-02.41.50:348][  0]LogInit: CPU Page size=4096, Cores=8
[2019.01.26-02.41.50:348][  0]LogInit: High frequency timer resolution =10.000000 MHz
[2019.01.26-02.41.50:348][  0]LogMemory: Memory total: Physical=15.9GB (16GB approx)
[2019.01.26-02.41.50:348][  0]LogMemory: Platform Memory Stats for Windows
[2019.01.26-02.41.50:348][  0]LogMemory: Process Physical Memory: 109.70 MB used, 109.71 MB peak
[2019.01.26-02.41.50:348][  0]LogMemory: Process Virtual Memory: 95.24 MB used, 95.24 MB peak
[2019.01.26-02.41.50:348][  0]LogMemory: Physical Memory: 4724.54 MB used,  11594.04 MB free, 16318.58 MB total
[2019.01.26-02.41.50:348][  0]LogMemory: Virtual Memory: 4704.16 MB used,  134213024.00 MB free, 134217728.00 MB total
[2019.01.26-02.41.50:452][  0]LogInit: Using OS detected language (en-US).
[2019.01.26-02.41.50:452][  0]LogInit: Using OS detected locale (en-US).
[2019.01.26-02.41.50:453][  0]LogTextLocalizationManager: No specific localization for 'en-US' exists, so the 'en' localization will be used.
[2019.01.26-02.41.50:825][  0]LogStreaming: Display: Took  0.372s to InitEngineTextLocalization.
[2019.01.26-02.41.50:825][  0]LogInit: Setting process to per monitor DPI aware
[2019.01.26-02.41.50:887][  0]LogSlate: New Slate User Created.  User Index 0, Is Virtual User: 0
[2019.01.26-02.41.50:887][  0]LogSlate: Slate User Registered.  User Index 0, Is Virtual User: 0
[2019.01.26-02.41.52:660][  0]LogHMD: Failed to initialize OpenVR with code 126
[2019.01.26-02.41.52:660][  0]LogD3D11RHI: D3D11 adapters:
[2019.01.26-02.41.52:718][  0]LogD3D11RHI:    0. 'NVIDIA GeForce GTX 1080' (Feature Level 11_0)
[2019.01.26-02.41.52:718][  0]LogD3D11RHI:       8079/0/8159 MB DedicatedVideo/DedicatedSystem/SharedSystem, Outputs:1, VendorId:0x10de
[2019.01.26-02.41.52:720][  0]LogD3D11RHI:    1. 'Microsoft Basic Render Driver' (Feature Level 11_0)
[2019.01.26-02.41.52:720][  0]LogD3D11RHI:       0/0/8159 MB DedicatedVideo/DedicatedSystem/SharedSystem, Outputs:0, VendorId:0x1414
[2019.01.26-02.41.52:720][  0]LogD3D11RHI: Chosen D3D11 Adapter: 0
[2019.01.26-02.41.52:726][  0]LogD3D11RHI: Creating new Direct3DDevice
[2019.01.26-02.41.52:726][  0]LogD3D11RHI:     GPU DeviceId: 0x1b80 (for the marketing name, search the web for "GPU Device Id")
[2019.01.26-02.41.52:726][  0]LogWindows: EnumDisplayDevices:
[2019.01.26-02.41.52:726][  0]LogWindows:    0. 'NVIDIA GeForce GTX 1080' (P:1 D:1)
[2019.01.26-02.41.52:726][  0]LogWindows:    1. 'NVIDIA GeForce GTX 1080' (P:0 D:0)
[2019.01.26-02.41.52:726][  0]LogWindows:    2. 'NVIDIA GeForce GTX 1080' (P:0 D:0)
[2019.01.26-02.41.52:726][  0]LogWindows:    3. 'NVIDIA GeForce GTX 1080' (P:0 D:0)
[2019.01.26-02.41.52:726][  0]LogWindows:    4. 'Mirage Driver' (P:0 D:0)
[2019.01.26-02.41.52:726][  0]LogWindows: DebugString: GetVideoDriverDetailsInvalid PrimaryIsNotTheChoosenAdapter FoundDriverCount:4 
[2019.01.26-02.41.52:727][  0]LogD3D11RHI:     Adapter Name: NVIDIA GeForce GTX 1080
[2019.01.26-02.41.52:727][  0]LogD3D11RHI:   Driver Version: 417.71 (internal:25.21.14.1771, unified:417.71)
[2019.01.26-02.41.52:727][  0]LogD3D11RHI:      Driver Date: 1-11-2019
[2019.01.26-02.41.52:727][  0]LogRHI: Texture pool is 5655 MB (70% of 8079 MB)
[2019.01.26-02.41.52:766][  0]LogD3D11RHI: Async texture creation enabled
[2019.01.26-02.41.52:784][  0]LogD3D11RHI: GPU Timing Frequency: 1000.000000 (Debug: 2 2)
[2019.01.26-02.41.53:177][  0]LogTemp: Display: Loaded TP AllDesktopTargetPlatform
[2019.01.26-02.41.53:198][  0]LogTemp: Display: Loaded TP MacClientTargetPlatform
[2019.01.26-02.41.53:218][  0]LogTemp: Display: Loaded TP MacNoEditorTargetPlatform
[2019.01.26-02.41.53:241][  0]LogTemp: Display: Loaded TP MacServerTargetPlatform
[2019.01.26-02.41.53:265][  0]LogTemp: Display: Loaded TP MacTargetPlatform
[2019.01.26-02.41.53:286][  0]LogTemp: Display: Loaded TP WindowsClientTargetPlatform
[2019.01.26-02.41.53:307][  0]LogTemp: Display: Loaded TP WindowsNoEditorTargetPlatform
[2019.01.26-02.41.53:330][  0]LogTemp: Display: Loaded TP WindowsServerTargetPlatform
[2019.01.26-02.41.53:344][  0]LogTemp: Display: Loaded TP WindowsTargetPlatform
[2019.01.26-02.41.53:432][  0]LogTemp: Display: Loaded TP AndroidTargetPlatform
[2019.01.26-02.41.53:432][  0]LogTemp: Display: Loaded TP AndroidTargetPlatform
[2019.01.26-02.41.53:432][  0]LogTemp: Display: Loaded TP AndroidTargetPlatform
[2019.01.26-02.41.53:432][  0]LogTemp: Display: Loaded TP AndroidTargetPlatform
[2019.01.26-02.41.53:432][  0]LogTemp: Display: Loaded TP AndroidTargetPlatform
[2019.01.26-02.41.53:432][  0]LogTemp: Display: Loaded TP AndroidTargetPlatform
[2019.01.26-02.41.53:432][  0]LogTemp: Display: Loaded TP AndroidTargetPlatform
[2019.01.26-02.41.53:432][  0]LogTemp: Display: Loaded TP AndroidTargetPlatform
[2019.01.26-02.41.53:432][  0]LogTemp: Display: Loaded TP AndroidTargetPlatform
[2019.01.26-02.41.53:432][  0]LogTemp: Display: Loaded TP AndroidTargetPlatform
[2019.01.26-02.41.53:432][  0]LogTemp: Display: Loaded TP AndroidTargetPlatform
[2019.01.26-02.41.53:432][  0]LogTemp: Display: Loaded TP AndroidTargetPlatform
[2019.01.26-02.41.53:432][  0]LogTemp: Display: Loaded TP AndroidTargetPlatform
[2019.01.26-02.41.53:432][  0]LogTemp: Display: Loaded TP AndroidTargetPlatform
[2019.01.26-02.41.53:432][  0]LogTemp: Display: Loaded TP AndroidTargetPlatform
[2019.01.26-02.41.53:432][  0]LogTemp: Display: Loaded TP AndroidTargetPlatform
[2019.01.26-02.41.53:432][  0]LogTemp: Display: Loaded TP AndroidTargetPlatform
[2019.01.26-02.41.53:432][  0]LogTemp: Display: Loaded TP AndroidTargetPlatform
[2019.01.26-02.41.53:441][  0]LogTemp: Display: Loaded TP HTML5TargetPlatform
[2019.01.26-02.41.53:531][  0]LogTemp: Display: Loaded TP IOSTargetPlatform
[2019.01.26-02.41.53:531][  0]LogTemp: Display: Loaded TP IOSTargetPlatform
[2019.01.26-02.41.53:564][  0]LogTemp: Display: Loaded TP TVOSTargetPlatform
[2019.01.26-02.41.53:564][  0]LogTemp: Display: Loaded TP TVOSTargetPlatform
[2019.01.26-02.41.53:584][  0]LogTemp: Display: Loaded TP LinuxClientTargetPlatform
[2019.01.26-02.41.53:604][  0]LogTemp: Display: Loaded TP LinuxNoEditorTargetPlatform
[2019.01.26-02.41.53:623][  0]LogTemp: Display: Loaded TP LinuxServerTargetPlatform
[2019.01.26-02.41.53:648][  0]LogTemp: Display: Loaded TP LinuxTargetPlatform
[2019.01.26-02.41.53:708][  0]LogTemp: Display: Loaded TP LuminTargetPlatform
[2019.01.26-02.41.53:708][  0]LogTemp: Display: Loaded TP LuminTargetPlatform
[2019.01.26-02.41.53:708][  0]LogTargetPlatformManager: Display: Building Assets For Windows
[2019.01.26-02.41.53:930][  0]LogShaderCompilers: Guid format shader working directory is -3 characters bigger than the processId version (../../../../../../Projects/Unreal/GGJ_UE_Workshop/Intermediate/Shaders/WorkingDirectory/12864/).
[2019.01.26-02.41.53:930][  0]LogShaderCompilers: Cleaned the shader compiler working directory 'C:/Users/Edward/AppData/Local/Temp/UnrealShaderWorkingDir/7F88FCBC47F3E3EAD2295FA79F4390ED/'.
[2019.01.26-02.41.53:931][  0]LogXGEController: Cleaning working directory: C:/Users/Edward/AppData/Local/Temp/UnrealXGEWorkingDir/
[2019.01.26-02.41.53:943][  0]LogShaderCompilers: Display: Using XGE Shader Compiler (Interception Interface).
[2019.01.26-02.41.55:290][  0]LogDerivedDataCache: Display: Max Cache Size: 512 MB
[2019.01.26-02.41.55:329][  0]LogDerivedDataCache: Loaded boot cache 0.04s 92MB C:/Users/Edward/AppData/Local/UnrealEngine/4.21/DerivedDataCache/Boot.ddc.
[2019.01.26-02.41.55:329][  0]LogDerivedDataCache: Display: Loaded Boot cache: C:/Users/Edward/AppData/Local/UnrealEngine/4.21/DerivedDataCache/Boot.ddc
[2019.01.26-02.41.55:330][  0]LogDerivedDataCache: FDerivedDataBackendGraph:  Pak pak cache file ../../../../../../Projects/Unreal/GGJ_UE_Workshop/DerivedDataCache/DDC.ddp not found, will not use a pak cache.
[2019.01.26-02.41.55:330][  0]LogDerivedDataCache: Unable to find inner node Pak for hierarchical cache Hierarchy.
[2019.01.26-02.41.55:330][  0]LogDerivedDataCache: FDerivedDataBackendGraph:  CompressedPak pak cache file ../../../../../../Projects/Unreal/GGJ_UE_Workshop/DerivedDataCache/Compressed.ddp not found, will not use a pak cache.
[2019.01.26-02.41.55:330][  0]LogDerivedDataCache: Unable to find inner node CompressedPak for hierarchical cache Hierarchy.
[2019.01.26-02.41.55:345][  0]LogDerivedDataCache: Display: Pak cache opened for reading ../../../Engine/DerivedDataCache/Compressed.ddp.
[2019.01.26-02.41.55:345][  0]LogDerivedDataCache: FDerivedDataBackendGraph:  EnterprisePak pak cache file ../../../Enterprise/DerivedDataCache/Compressed.ddp not found, will not use a pak cache.
[2019.01.26-02.41.55:345][  0]LogDerivedDataCache: Unable to find inner node EnterprisePak for hierarchical cache Hierarchy.
[2019.01.26-02.41.55:357][  0]LogDerivedDataCache: Using Local data cache path C:/Users/Edward/AppData/Local/UnrealEngine/Common/DerivedDataCache: Writable
[2019.01.26-02.41.55:357][  0]LogDerivedDataCache: Shared data cache path not found in *engine.ini, will not use an Shared cache.
[2019.01.26-02.41.55:357][  0]LogDerivedDataCache: Unable to find inner node Shared for hierarchical cache Hierarchy.
[2019.01.26-02.41.55:378][  0]LogMaterial: Verifying Global Shaders for PCD3D_SM5
[2019.01.26-02.41.55:380][  0]LogSlate: Using FreeType 2.6.0
[2019.01.26-02.41.55:391][  0]LogSlate: SlateFontServices - WITH_FREETYPE: 1, WITH_HARFBUZZ: 1
[2019.01.26-02.41.55:563][  0]LogAssetRegistry: FAssetRegistry took 0.0336 seconds to start up
[2019.01.26-02.41.55:852][  0]LogInit: Selected Device Profile: [Windows]
[2019.01.26-02.41.56:128][  0]LogSimplygon: Simplygon DLL not present - disabling.
[2019.01.26-02.41.56:147][  0]LogMeshReduction: Using SimplygonSwarm for distributed automatic mesh merging
[2019.01.26-02.41.56:147][  0]LogMeshReduction: Using ProxyLODMeshReduction for automatic mesh merging
[2019.01.26-02.41.56:147][  0]LogMeshReduction: Using QuadricMeshReduction for automatic static mesh reduction
[2019.01.26-02.41.56:147][  0]LogMeshReduction: No automatic skeletal mesh reduction module available
[2019.01.26-02.41.56:174][  0]LogNetVersion: GGJ_UE_Workshop 1.0.0, NetCL: 4541578, EngineNetVer: 5, GameNetVer: 0 (Checksum: 2784339637)
[2019.01.26-02.41.57:006][  0]LogPackageLocalizationCache: Processed 14 localized package path(s) for 2 prioritized culture(s) in 0.092276 seconds
[2019.01.26-02.41.57:011][  0]LogUObjectArray: 39788 objects as part of root set at end of initial load.
[2019.01.26-02.41.57:011][  0]LogUObjectAllocator: 6917680 out of 0 bytes used by permanent object pool.
[2019.01.26-02.41.57:011][  0]LogUObjectArray: CloseDisregardForGC: 0/0 objects in disregard for GC pool
[2019.01.26-02.41.58:785][  0]LogMaterial: Display: Missing cached shader map for material BaseColor, compiling. 
[2019.01.26-02.41.58:786][  0]LogMaterial: Warning: F:\Development\Epic Games\UE_4.21\Engine\Content\BufferVisualization\BaseColor.uasset: Failed to compile Material for platform PCD3D_SM5, Default Material will be used in game.
[2019.01.26-02.41.58:786][  0]LogMaterial: 	(Node SceneTexture) GBuffer scene textures not available with forward shading.
[2019.01.26-02.41.58:852][  0]LogMaterial: Display: Missing cached shader map for material LightingModel, compiling. 
[2019.01.26-02.41.58:852][  0]LogMaterial: Warning: F:\Development\Epic Games\UE_4.21\Engine\Content\BufferVisualization\LightingModel.uasset: Failed to compile Material for platform PCD3D_SM5, Default Material will be used in game.
[2019.01.26-02.41.58:852][  0]LogMaterial: 	(Node SceneTexture) GBuffer scene textures not available with forward shading.
[2019.01.26-02.41.58:858][  0]LogMaterial: Display: Missing cached shader map for material MaterialAO, compiling. 
[2019.01.26-02.41.58:859][  0]LogMaterial: Warning: F:\Development\Epic Games\UE_4.21\Engine\Content\BufferVisualization\MaterialAO.uasset: Failed to compile Material for platform PCD3D_SM5, Default Material will be used in game.
[2019.01.26-02.41.58:859][  0]LogMaterial: 	(Node SceneTexture) GBuffer scene textures not available with forward shading.
[2019.01.26-02.41.58:866][  0]LogMaterial: Display: Missing cached shader map for material Metallic, compiling. 
[2019.01.26-02.41.58:867][  0]LogMaterial: Warning: F:\Development\Epic Games\UE_4.21\Engine\Content\BufferVisualization\Metallic.uasset: Failed to compile Material for platform PCD3D_SM5, Default Material will be used in game.
[2019.01.26-02.41.58:867][  0]LogMaterial: 	(Node SceneTexture) GBuffer scene textures not available with forward shading.
[2019.01.26-02.41.58:873][  0]LogMaterial: Display: Missing cached shader map for material Opacity, compiling. 
[2019.01.26-02.41.58:873][  0]LogMaterial: Warning: F:\Development\Epic Games\UE_4.21\Engine\Content\BufferVisualization\Opacity.uasset: Failed to compile Material for platform PCD3D_SM5, Default Material will be used in game.
[2019.01.26-02.41.58:873][  0]LogMaterial: 	(Node SceneTexture) GBuffer scene textures not available with forward shading.
[2019.01.26-02.41.58:880][  0]LogMaterial: Display: Missing cached shader map for material Roughness, compiling. 
[2019.01.26-02.41.58:880][  0]LogMaterial: Warning: F:\Development\Epic Games\UE_4.21\Engine\Content\BufferVisualization\Roughness.uasset: Failed to compile Material for platform PCD3D_SM5, Default Material will be used in game.
[2019.01.26-02.41.58:880][  0]LogMaterial: 	(Node SceneTexture) GBuffer scene textures not available with forward shading.
[2019.01.26-02.41.58:918][  0]LogMaterial: Display: Missing cached shader map for material Specular, compiling. 
[2019.01.26-02.41.58:919][  0]LogMaterial: Warning: F:\Development\Epic Games\UE_4.21\Engine\Content\BufferVisualization\Specular.uasset: Failed to compile Material for platform PCD3D_SM5, Default Material will be used in game.
[2019.01.26-02.41.58:919][  0]LogMaterial: 	(Node SceneTexture) GBuffer scene textures not available with forward shading.
[2019.01.26-02.41.58:925][  0]LogMaterial: Display: Missing cached shader map for material SubsurfaceColor, compiling. 
[2019.01.26-02.41.58:926][  0]LogMaterial: Warning: F:\Development\Epic Games\UE_4.21\Engine\Content\BufferVisualization\SubsurfaceColor.uasset: Failed to compile Material for platform PCD3D_SM5, Default Material will be used in game.
[2019.01.26-02.41.58:926][  0]LogMaterial: 	(Node SceneTexture) GBuffer scene textures not available with forward shading.
[2019.01.26-02.41.58:932][  0]LogMaterial: Display: Missing cached shader map for material WorldNormal, compiling. 
[2019.01.26-02.41.58:932][  0]LogMaterial: Warning: F:\Development\Epic Games\UE_4.21\Engine\Content\BufferVisualization\WorldNormal.uasset: Failed to compile Material for platform PCD3D_SM5, Default Material will be used in game.
[2019.01.26-02.41.58:932][  0]LogMaterial: 	(Node SceneTexture) GBuffer scene textures not available with forward shading.
[2019.01.26-02.41.59:153][  0]LogTcpMessaging: Initializing TcpMessaging bridge
[2019.01.26-02.41.59:174][  0]LogUdpMessaging: Initializing bridge on interface 0.0.0.0:0 to multicast group 230.0.0.1:6666.
[2019.01.26-02.41.59:930][  0]SourceControl: Source control is disabled
[2019.01.26-02.41.59:930][  0]SourceControl: Source control is disabled
[2019.01.26-02.41.59:940][  0]SourceControl: Source control is disabled
[2019.01.26-02.41.59:950][  0]SourceControl: Source control is disabled
[2019.01.26-02.42.00:880][  0]LogAndroidPermission: UAndroidPermissionCallbackProxy::GetInstance
[2019.01.26-02.42.01:172][  0]LogOcInput: OculusInput pre-init called
[2019.01.26-02.42.01:366][  0]LogEngine: Initializing Engine...
[2019.01.26-02.42.01:383][  0]LogHMD: Failed to initialize OpenVR with code 126
[2019.01.26-02.42.01:384][  0]LogStats: UGameplayTagsManager::ConstructGameplayTagTree: ImportINI prefixes -  0.000 s
[2019.01.26-02.42.01:384][  0]LogStats: UGameplayTagsManager::ConstructGameplayTagTree: Construct from data asset -  0.000 s
[2019.01.26-02.42.01:384][  0]LogStats: UGameplayTagsManager::ConstructGameplayTagTree: ImportINI -  0.000 s
[2019.01.26-02.42.01:384][  0]LogStats: UGameplayTagsManager::ConstructGameplayTagTree: GameplayTagTreeChangedEvent.Broadcast -  0.000 s
[2019.01.26-02.42.01:729][  0]LogInit: Initializing FReadOnlyCVARCache
[2019.01.26-02.42.01:745][  0]LogAIModule: Creating AISystem for world Untitled
[2019.01.26-02.42.01:845][  0]LogInit: XAudio2 using 'Crestron (NVIDIA High Definition Audio)' : 2 channels at 48 kHz using 16 bits per sample (channel mask 0x3)
[2019.01.26-02.42.01:896][  0]LogInit: FAudioDevice initialized.
[2019.01.26-02.42.01:897][  0]LogNetVersion: Set ProjectVersion to 1.0.0.0. Version Checksum will be recalculated on next use.
[2019.01.26-02.42.01:941][  0]LogDerivedDataCache: Saved boot cache 0.04s 78MB C:/Users/Edward/AppData/Local/UnrealEngine/4.21/DerivedDataCache/Boot.ddc.
[2019.01.26-02.42.01:951][  0]LogInit: Texture streaming: Enabled
[2019.01.26-02.42.01:994][  0]LogEngineSessionManager: EngineSessionManager initialized
[2019.01.26-02.42.02:011][  0]LogInit: Transaction tracking system initialized
[2019.01.26-02.42.02:066][  0]BlueprintLog: New page: Editor Load
[2019.01.26-02.42.02:293][  0]LocalizationService: Localization service is disabled
[2019.01.26-02.42.03:389][  0]LogFileCache: Scanning file cache for directory 'F:/Projects/Unreal/GGJ_UE_Workshop/Content/' took 0.02s
[2019.01.26-02.42.03:389][  0]LogCook: Display: Max memory allowance for cook 16384mb min free memory 0mb
[2019.01.26-02.42.03:389][  0]LogCook: Display: Mobile HDR setting 1
[2019.01.26-02.42.03:389][  0]LogGameplayTags: Display: UGameplayTagsManager::DoneAddingNativeTags. DelegateIsBound: 0
[2019.01.26-02.42.03:389][  0]LogStats: UGameplayTagsManager::ConstructGameplayTagTree: ImportINI prefixes -  0.000 s
[2019.01.26-02.42.03:389][  0]LogStats: UGameplayTagsManager::ConstructGameplayTagTree: Construct from data asset -  0.000 s
[2019.01.26-02.42.03:389][  0]LogStats: UGameplayTagsManager::ConstructGameplayTagTree: ImportINI -  0.000 s
[2019.01.26-02.42.03:389][  0]LogStats: UGameplayTagsManager::ConstructGameplayTagTree: GameplayTagTreeChangedEvent.Broadcast -  0.000 s
[2019.01.26-02.42.03:793][  0]SourceControl: Source control is disabled
[2019.01.26-02.42.03:793][  0]Cmd: MAP LOAD FILE="../../../../../../Projects/Unreal/GGJ_UE_Workshop/Content/Levels/GGJ_UE_Workshop_Map.umap" TEMPLATE=0 SHOWPROGRESS=1 FEATURELEVEL=3
[2019.01.26-02.42.03:793][  0]LogEditorServer: Warning: Can't find file '../../../../../../Projects/Unreal/GGJ_UE_Workshop/Content/Levels/GGJ_UE_Workshop_Map.umap'
[2019.01.26-02.42.03:793][  0]Cmd: MAP CHECKDEP NOCLEARLOG
[2019.01.26-02.42.03:793][  0]MapCheck: Map check complete: 0 Error(s), 0 Warning(s), took 0.094ms to complete.
[2019.01.26-02.42.03:793][  0]LogFileHelpers: Loading map 'GGJ_UE_Workshop_Map' took 0.000
[2019.01.26-02.42.04:883][  0]LogSlate: Only BGRA pngs, bmps or icos are supported in by External Image Picker
[2019.01.26-02.42.04:956][  0]LogTemp: Executing iPhonePackager certificates Engine -bundlename com.YourCompany.GGJUEWorkshop
[2019.01.26-02.42.04:956][  0]LogTemp: CWD: F:\Development\Epic Games\UE_4.21\Engine\Binaries\DotNET\IOS
[2019.01.26-02.42.04:956][  0]LogTemp: Initial Dir: F:\Development\Epic Games\UE_4.21
[2019.01.26-02.42.04:956][  0]LogTemp: Env CWD: F:\Development\Epic Games\UE_4.21\Engine\Binaries\DotNET\IOS
[2019.01.26-02.42.04:956][  0]LogTemp: BranchPath = WHITECUBE/F/Development/Epic Games/UE_4.21/Engine/Binaries --- GameBranchPath = WHITECUBE/F/Development/Epic Games/UE_4.21/Engine/Binaries
[2019.01.26-02.42.04:956][  0]LogTemp: IPP ERROR: Could not find provision directory 'C:\Users\Edward\AppData\Local/Apple Computer/MobileDevice/Provisioning Profiles/'.
[2019.01.26-02.42.04:956][  0]LogSlate: Updating window title bar state: overlay mode, drag disabled, window buttons hidden, title bar hidden
[2019.01.26-02.42.04:964][  0]LogSlate: Updating window title bar state: overlay mode, drag disabled, window buttons hidden, title bar hidden
[2019.01.26-02.42.04:970][  0]LogSlate: Updating window title bar state: overlay mode, drag disabled, window buttons hidden, title bar hidden
[2019.01.26-02.42.04:976][  0]LogSlate: Updating window title bar state: overlay mode, drag disabled, window buttons hidden, title bar hidden
[2019.01.26-02.42.05:010][  0]LogCollectionManager: Loaded 0 collections in 0.000953 seconds
[2019.01.26-02.42.05:037][  0]LogFileCache: Scanning file cache for directory 'F:/Projects/Unreal/GGJ_UE_Workshop/Saved/Collections/' took 0.01s
[2019.01.26-02.42.05:037][  0]LogFileCache: Scanning file cache for directory 'F:/Projects/Unreal/GGJ_UE_Workshop/Content/Developers/Edward/Collections/' took 0.00s
[2019.01.26-02.42.05:037][  0]LogFileCache: Scanning file cache for directory 'F:/Projects/Unreal/GGJ_UE_Workshop/Content/Collections/' took 0.01s
[2019.01.26-02.42.05:037][  0]LogCollectionManager: Rebuilt the GUID cache for 0 collections in 0.000000 seconds
[2019.01.26-02.42.05:045][  0]LogContentBrowser: Native class hierarchy populated in 0.0085 seconds. Added 2772 classes and 640 folders.
[2019.01.26-02.42.05:050][  0]LogContentBrowser: Native class hierarchy updated for 'WidgetCarousel' in 0.0003 seconds. Added 0 classes and 0 folders.
[2019.01.26-02.42.05:056][  0]LogPakFile: Registered encryption key '00000000000000000000000000000000': 0 pak files mounted, 0 remain pending
[2019.01.26-02.42.05:064][  0]LogPakFile: Registered encryption key '00000000000000000000000000000000': 0 pak files mounted, 0 remain pending
[2019.01.26-02.42.05:095][  0]LogPakFile: Registered encryption key '00000000000000000000000000000000': 0 pak files mounted, 0 remain pending
[2019.01.26-02.42.05:098][  0]LogPakFile: Registered encryption key '00000000000000000000000000000000': 0 pak files mounted, 0 remain pending
[2019.01.26-02.42.05:101][  0]LogPakFile: Registered encryption key '00000000000000000000000000000000': 0 pak files mounted, 0 remain pending
[2019.01.26-02.42.05:106][  0]LogPakFile: Registered encryption key '00000000000000000000000000000000': 0 pak files mounted, 0 remain pending
[2019.01.26-02.42.05:110][  0]LogPakFile: Registered encryption key '00000000000000000000000000000000': 0 pak files mounted, 0 remain pending
[2019.01.26-02.42.05:113][  0]LogPakFile: Registered encryption key '00000000000000000000000000000000': 0 pak files mounted, 0 remain pending
[2019.01.26-02.42.05:117][  0]LogPakFile: Registered encryption key '00000000000000000000000000000000': 0 pak files mounted, 0 remain pending
[2019.01.26-02.42.05:121][  0]LogPakFile: Registered encryption key '00000000000000000000000000000000': 0 pak files mounted, 0 remain pending
[2019.01.26-02.42.05:124][  0]LogPakFile: Registered encryption key '00000000000000000000000000000000': 0 pak files mounted, 0 remain pending
[2019.01.26-02.42.05:128][  0]LogPakFile: Registered encryption key '00000000000000000000000000000000': 0 pak files mounted, 0 remain pending
[2019.01.26-02.42.05:131][  0]LogPakFile: Registered encryption key '00000000000000000000000000000000': 0 pak files mounted, 0 remain pending
[2019.01.26-02.42.05:135][  0]LogPakFile: Registered encryption key '00000000000000000000000000000000': 0 pak files mounted, 0 remain pending
[2019.01.26-02.42.05:138][  0]LogPakFile: Registered encryption key '00000000000000000000000000000000': 0 pak files mounted, 0 remain pending
[2019.01.26-02.42.05:141][  0]LogPakFile: Registered encryption key '00000000000000000000000000000000': 0 pak files mounted, 0 remain pending
[2019.01.26-02.42.05:169][  0]LogPakFile: Registered encryption key '00000000000000000000000000000000': 0 pak files mounted, 0 remain pending
[2019.01.26-02.42.05:173][  0]LogPakFile: Registered encryption key '00000000000000000000000000000000': 0 pak files mounted, 0 remain pending
[2019.01.26-02.42.05:176][  0]LogPakFile: Registered encryption key '00000000000000000000000000000000': 0 pak files mounted, 0 remain pending
[2019.01.26-02.42.05:181][  0]LogPakFile: Registered encryption key '00000000000000000000000000000000': 0 pak files mounted, 0 remain pending
[2019.01.26-02.42.05:223][  0]LogPakFile: Registered encryption key '00000000000000000000000000000000': 0 pak files mounted, 0 remain pending
[2019.01.26-02.42.05:229][  0]LogPakFile: Registered encryption key '00000000000000000000000000000000': 0 pak files mounted, 0 remain pending
[2019.01.26-02.42.05:234][  0]LogPakFile: Registered encryption key '00000000000000000000000000000000': 0 pak files mounted, 0 remain pending
[2019.01.26-02.42.05:237][  0]LogPakFile: Registered encryption key '00000000000000000000000000000000': 0 pak files mounted, 0 remain pending
[2019.01.26-02.42.05:242][  0]LogPakFile: Registered encryption key '00000000000000000000000000000000': 0 pak files mounted, 0 remain pending
[2019.01.26-02.42.05:245][  0]LogPakFile: Registered encryption key '00000000000000000000000000000000': 0 pak files mounted, 0 remain pending
[2019.01.26-02.42.05:327][  0]LogContentBrowser: Native class hierarchy updated for 'AddContentDialog' in 0.0002 seconds. Added 0 classes and 0 folders.
[2019.01.26-02.42.05:350][  0]LogContentBrowser: Native class hierarchy updated for 'SceneOutliner' in 0.0003 seconds. Added 1 classes and 2 folders.
[2019.01.26-02.42.05:441][  0]LogContentBrowser: Native class hierarchy updated for 'HierarchicalLODOutliner' in 0.0003 seconds. Added 0 classes and 0 folders.
[2019.01.26-02.42.05:441][  0]LogLoad: (Engine Initialization) Total time: 18.61 seconds
[2019.01.26-02.42.05:441][  0]LogLoad: (Engine Initialization) Total Blueprint compile time: 0.00 seconds
[2019.01.26-02.42.05:488][  0]LogAssetRegistry: Asset discovery search completed in 9.9480 seconds
[2019.01.26-02.42.05:490][  0]LogCollectionManager: Rebuilt the object cache for 0 collections in 0.000000 seconds (found 0 objects)
[2019.01.26-02.42.05:490][  0]LogCollectionManager: Fixed up redirectors for 0 collections in 0.000036 seconds (updated 0 objects)
[2019.01.26-02.42.05:491][  0]LogContentStreaming: Texture pool size now 400 MB
[2019.01.26-02.42.05:500][  0]LogSlate: Took 0.003185 seconds to synchronously load lazily loaded font '../../../Engine/Content/Slate/Fonts/Roboto-Regular.ttf' (155K)
[2019.01.26-02.42.05:506][  0]LogSlate: Took 0.003113 seconds to synchronously load lazily loaded font '../../../Engine/Content/Slate/Fonts/Roboto-Bold.ttf' (160K)
[2019.01.26-02.42.05:514][  0]LogSlate: Took 0.004433 seconds to synchronously load lazily loaded font '../../../Engine/Content/Editor/Slate/Fonts/FontAwesome.ttf' (139K)
[2019.01.26-02.42.05:531][  0]LogRenderer: Reallocating scene render targets to support 64x64 Format 26 NumSamples 1 (Frame:1).
[2019.01.26-02.42.05:620][  0]LogRenderer: Reallocating scene render targets to support 1352x604 Format 26 NumSamples 1 (Frame:1).
[2019.01.26-02.42.05:620][  0]LogSlate: Took 0.004119 seconds to synchronously load lazily loaded font '../../../Engine/Content/Slate/Fonts/Roboto-Light.ttf' (167K)
[2019.01.26-02.42.05:628][  0]LogSlate: Took 0.000144 seconds to synchronously load lazily loaded font '../../../Engine/Content/Slate/Fonts/Roboto-Light.ttf' (167K)
[2019.01.26-02.43.31:924][227]LogSlate: FSceneViewport::OnFocusLost() reason 0
[2019.01.26-02.43.32:138][227]LogSlate: Window 'GGJ_UE_Workshop - Unreal Editor' being destroyed
[2019.01.26-02.43.32:139][227]LogWindowsTextInputMethodSystem: Display: IME system now deactivated.
[2019.01.26-02.43.32:321][228]Cmd: QUIT_EDITOR
[2019.01.26-02.43.32:364][228]LogExit: Preparing to exit.
[2019.01.26-02.43.33:243][228]LogExit: Editor shut down
[2019.01.26-02.43.33:244][228]LogExit: Transaction tracking system shut down
[2019.01.26-02.43.33:458][228]LogExit: Object subsystem successfully closed.
[2019.01.26-02.43.33:479][228]LogShaderCompilers: Display: Shaders left to compile 0
[2019.01.26-02.43.33:481][228]LogD3D11RHI: Shutdown
[2019.01.26-02.43.33:481][228]LogD3D11RHI: CleanupD3DDevice
[2019.01.26-02.43.33:482][228]LogD3D11RHI: ~FD3D11DynamicRHI
[2019.01.26-02.43.33:489][228]LogModuleManager: Shutting down and abandoning module HierarchicalLODOutliner (636)
[2019.01.26-02.43.33:489][228]LogModuleManager: Shutting down and abandoning module SceneOutliner (634)
[2019.01.26-02.43.33:489][228]LogModuleManager: Shutting down and abandoning module AddContentDialog (632)
[2019.01.26-02.43.33:489][228]LogModuleManager: Shutting down and abandoning module WidgetCarousel (631)
[2019.01.26-02.43.33:489][228]LogModuleManager: Shutting down and abandoning module EditorWidgets (628)
[2019.01.26-02.43.33:489][228]LogModuleManager: Shutting down and abandoning module CollectionManager (626)
[2019.01.26-02.43.33:489][228]LogModuleManager: Shutting down and abandoning module ExternalImagePicker (624)
[2019.01.26-02.43.33:489][228]LogModuleManager: Shutting down and abandoning module FoliageEdit (622)
[2019.01.26-02.43.33:489][228]LogModuleManager: Shutting down and abandoning module LandscapeEditor (620)
[2019.01.26-02.43.33:489][228]LogModuleManager: Shutting down and abandoning module MeshPaintMode (618)
[2019.01.26-02.43.33:489][228]LogModuleManager: Shutting down and abandoning module SceneDepthPickerMode (616)
[2019.01.26-02.43.33:489][228]LogModuleManager: Shutting down and abandoning module ActorPickerMode (614)
[2019.01.26-02.43.33:489][228]LogModuleManager: Shutting down and abandoning module GeometryMode (612)
[2019.01.26-02.43.33:489][228]LogModuleManager: Shutting down and abandoning module TextureAlignMode (610)
[2019.01.26-02.43.33:489][228]LogModuleManager: Shutting down and abandoning module BspMode (608)
[2019.01.26-02.43.33:489][228]LogModuleManager: Shutting down and abandoning module PIEPreviewDeviceProfileSelector (606)
[2019.01.26-02.43.33:489][228]LogModuleManager: Shutting down and abandoning module SequenceRecorderSections (604)
[2019.01.26-02.43.33:489][228]LogModuleManager: Shutting down and abandoning module AutomationWorker (602)
[2019.01.26-02.43.33:489][228]LogModuleManager: Shutting down and abandoning module AudioCaptureEditor (600)
[2019.01.26-02.43.33:489][228]LogModuleManager: Shutting down and abandoning module MatineeToLevelSequence (598)
[2019.01.26-02.43.33:490][228]LogModuleManager: Shutting down and abandoning module LevelSequenceEditor (596)
[2019.01.26-02.43.33:490][228]LogModuleManager: Shutting down and abandoning module PlacementMode (595)
[2019.01.26-02.43.33:490][228]LogModuleManager: Shutting down and abandoning module MaterialEditor (594)
[2019.01.26-02.43.33:490][228]LogModuleManager: Shutting down and abandoning module WmfMediaFactory (590)
[2019.01.26-02.43.33:490][228]LogModuleManager: Shutting down and abandoning module WmfMediaEditor (588)
[2019.01.26-02.43.33:490][228]LogModuleManager: Shutting down and abandoning module WebMMediaFactory (586)
[2019.01.26-02.43.33:490][228]LogModuleManager: Shutting down and abandoning module WebMMediaEditor (584)
[2019.01.26-02.43.33:490][228]LogModuleManager: Shutting down and abandoning module WebMMedia (582)
[2019.01.26-02.43.33:490][228]LogModuleManager: Shutting down and abandoning module MediaPlayerEditor (580)
[2019.01.26-02.43.33:490][228]LogModuleManager: Shutting down and abandoning module MediaCompositingEditor (578)
[2019.01.26-02.43.33:490][228]LogModuleManager: Shutting down and abandoning module SequenceRecorder (577)
[2019.01.26-02.43.33:490][228]LogModuleManager: Shutting down and abandoning module OpenExrWrapper (574)
[2019.01.26-02.43.33:490][228]LogModuleManager: Shutting down and abandoning module ImgMediaFactory (572)
[2019.01.26-02.43.33:490][228]LogModuleManager: Shutting down and abandoning module ImgMediaEditor (570)
[2019.01.26-02.43.33:490][228]LogModuleManager: Shutting down and abandoning module AvfMediaFactory (568)
[2019.01.26-02.43.33:490][228]LogModuleManager: Shutting down and abandoning module AvfMediaEditor (566)
[2019.01.26-02.43.33:490][228]LogModuleManager: Shutting down and abandoning module AndroidMediaFactory (564)
[2019.01.26-02.43.33:490][228]LogModuleManager: Shutting down and abandoning module AndroidMediaEditor (562)
[2019.01.26-02.43.33:490][228]LogModuleManager: Shutting down and abandoning module MagicLeapCameraPreviewFactory (560)
[2019.01.26-02.43.33:490][228]LogModuleManager: Shutting down and abandoning module MagicLeapMediaFactory (558)
[2019.01.26-02.43.33:490][228]LogModuleManager: Shutting down and abandoning module MagicLeapMediaEditor (556)
[2019.01.26-02.43.33:490][228]LogModuleManager: Shutting down and abandoning module CharacterAI (554)
[2019.01.26-02.43.33:490][228]LogModuleManager: Shutting down and abandoning module SmartSnapping (552)
[2019.01.26-02.43.33:490][228]LogModuleManager: Shutting down and abandoning module SessionServices (550)
[2019.01.26-02.43.33:490][228]LogModuleManager: Shutting down and abandoning module ViewportSnapping (548)
[2019.01.26-02.43.33:490][228]LogModuleManager: Shutting down and abandoning module ViewportInteraction (546)
[2019.01.26-02.43.33:490][228]LogModuleManager: Shutting down and abandoning module ClothPainter (544)
[2019.01.26-02.43.33:490][228]LogModuleManager: Shutting down and abandoning module SkeletalMeshEditor (543)
[2019.01.26-02.43.33:490][228]LogModuleManager: Shutting down and abandoning module LogVisualizer (540)
[2019.01.26-02.43.33:490][228]LogModuleManager: Shutting down and abandoning module IntroTutorials (538)
[2019.01.26-02.43.33:490][228]LogModuleManager: Shutting down and abandoning module GameProjectGeneration (537)
[2019.01.26-02.43.33:490][228]LogModuleManager: Shutting down and abandoning module LuminPlatformEditor (534)
[2019.01.26-02.43.33:490][228]LogModuleManager: Shutting down and abandoning module IOSPlatformEditor (532)
[2019.01.26-02.43.33:490][228]LogModuleManager: Shutting down and abandoning module HTML5PlatformEditor (530)
[2019.01.26-02.43.33:490][228]LogModuleManager: Shutting down and abandoning module AndroidPlatformEditor (528)
[2019.01.26-02.43.33:490][228]LogModuleManager: Shutting down and abandoning module AndroidDeviceDetection (527)
[2019.01.26-02.43.33:665][228]LogModuleManager: Shutting down and abandoning module WindowsPlatformEditor (524)
[2019.01.26-02.43.33:665][228]LogModuleManager: Shutting down and abandoning module LuminRuntimeSettings (522)
[2019.01.26-02.43.33:665][228]LogModuleManager: Shutting down and abandoning module IOSRuntimeSettings (520)
[2019.01.26-02.43.33:665][228]LogModuleManager: Shutting down and abandoning module AndroidRuntimeSettings (518)
[2019.01.26-02.43.33:665][228]LogModuleManager: Shutting down and abandoning module TimeManagementEditor (516)
[2019.01.26-02.43.33:665][228]LogModuleManager: Shutting down and abandoning module InputBindingEditor (514)
[2019.01.26-02.43.33:665][228]LogModuleManager: Shutting down and abandoning module MergeActors (512)
[2019.01.26-02.43.33:665][228]LogModuleManager: Shutting down and abandoning module LocalizationDashboard (510)
[2019.01.26-02.43.33:665][228]LogModuleManager: Shutting down and abandoning module LocalizationService (509)
[2019.01.26-02.43.33:665][228]LogModuleManager: Shutting down and abandoning module HardwareTargeting (506)
[2019.01.26-02.43.33:665][228]LogModuleManager: Shutting down and abandoning module DeviceProfileEditor (504)
[2019.01.26-02.43.33:665][228]LogModuleManager: Shutting down and abandoning module UndoHistory (502)
[2019.01.26-02.43.33:666][228]LogModuleManager: Shutting down and abandoning module XmlParser (500)
[2019.01.26-02.43.33:666][228]LogModuleManager: Shutting down and abandoning module Blutility (498)
[2019.01.26-02.43.33:666][228]LogModuleManager: Shutting down and abandoning module ProjectSettingsViewer (496)
[2019.01.26-02.43.33:666][228]LogModuleManager: Shutting down and abandoning module ProjectTargetPlatformEditor (495)
[2019.01.26-02.43.33:666][228]LogModuleManager: Shutting down and abandoning module EditorSettingsViewer (492)
[2019.01.26-02.43.33:666][228]LogModuleManager: Shutting down and abandoning module SettingsEditor (490)
[2019.01.26-02.43.33:666][228]LogModuleManager: Shutting down and abandoning module ProjectLauncher (488)
[2019.01.26-02.43.33:666][228]LogModuleManager: Shutting down and abandoning module SessionFrontend (486)
[2019.01.26-02.43.33:666][228]LogModuleManager: Shutting down and abandoning module ProfilerClient (484)
[2019.01.26-02.43.33:666][228]LogModuleManager: Shutting down and abandoning module DeviceManager (482)
[2019.01.26-02.43.33:666][228]LogModuleManager: Shutting down and abandoning module TargetDeviceServices (481)
[2019.01.26-02.43.33:743][228]LogModuleManager: Shutting down and abandoning module AutomationController (478)
[2019.01.26-02.43.33:743][228]LogModuleManager: Shutting down and abandoning module AutomationWindow (476)
[2019.01.26-02.43.33:743][228]LogModuleManager: Shutting down and abandoning module Layers (474)
[2019.01.26-02.43.33:743][228]LogModuleManager: Shutting down and abandoning module ComponentVisualizers (472)
[2019.01.26-02.43.33:743][228]LogModuleManager: Shutting down and abandoning module DetailCustomizations (470)
[2019.01.26-02.43.33:743][228]LogModuleManager: Shutting down and abandoning module PackagesDialog (468)
[2019.01.26-02.43.33:743][228]LogModuleManager: Shutting down and abandoning module Persona (466)
[2019.01.26-02.43.33:743][228]LogModuleManager: Shutting down and abandoning module AdvancedPreviewScene (465)
[2019.01.26-02.43.33:743][228]LogModuleManager: Shutting down and abandoning module AnimGraph (463)
[2019.01.26-02.43.33:743][228]LogModuleManager: Shutting down and abandoning module Kismet (460)
[2019.01.26-02.43.33:743][228]LogModuleManager: Shutting down and abandoning module GraphEditor (458)
[2019.01.26-02.43.33:743][228]LogModuleManager: Shutting down and abandoning module ClassViewer (456)
[2019.01.26-02.43.33:743][228]LogModuleManager: Shutting down and abandoning module Toolbox (454)
[2019.01.26-02.43.33:743][228]LogModuleManager: Shutting down and abandoning module ModuleUI (452)
[2019.01.26-02.43.33:743][228]LogModuleManager: Shutting down and abandoning module MovieSceneTools (450)
[2019.01.26-02.43.33:743][228]LogModuleManager: Shutting down and abandoning module OutputLog (448)
[2019.01.26-02.43.33:743][228]LogModuleManager: Shutting down and abandoning module GammaUI (446)
[2019.01.26-02.43.33:743][228]LogModuleManager: Shutting down and abandoning module Documentation (444)
[2019.01.26-02.43.33:743][228]LogModuleManager: Shutting down and abandoning module MovieSceneTracks (442)
[2019.01.26-02.43.33:743][228]LogModuleManager: Shutting down and abandoning module MovieScene (440)
[2019.01.26-02.43.33:743][228]LogModuleManager: Shutting down and abandoning module StreamingPauseRendering (438)
[2019.01.26-02.43.33:743][228]LogModuleManager: Shutting down and abandoning module LauncherPlatform (436)
[2019.01.26-02.43.33:743][228]LogModuleManager: Shutting down and abandoning module AnalyticsET (434)
[2019.01.26-02.43.33:743][228]LogModuleManager: Shutting down and abandoning module PortalServices (432)
[2019.01.26-02.43.33:743][228]LogModuleManager: Shutting down and abandoning module PortalRpc (430)
[2019.01.26-02.43.33:743][228]LogModuleManager: Shutting down and abandoning module MessagingRpc (428)
[2019.01.26-02.43.33:743][228]LogModuleManager: Shutting down and abandoning module AIModule (426)
[2019.01.26-02.43.33:743][228]LogModuleManager: Shutting down and abandoning module GameplayDebugger (425)
[2019.01.26-02.43.33:743][228]LogModuleManager: Shutting down and abandoning module AITestSuite (423)
[2019.01.26-02.43.33:743][228]LogModuleManager: Shutting down and abandoning module NavigationSystem (421)
[2019.01.26-02.43.33:743][228]LogModuleManager: Shutting down and abandoning module DesktopPlatform (418)
[2019.01.26-02.43.33:743][228]LogModuleManager: Shutting down and abandoning module ImageWriteQueue (416)
[2019.01.26-02.43.33:746][228]LogModuleManager: Shutting down and abandoning module ProfilerService (414)
[2019.01.26-02.43.33:909][228]LogModuleManager: Shutting down and abandoning module TaskGraph (412)
[2019.01.26-02.43.33:909][228]LogModuleManager: Shutting down and abandoning module SteamVRController (410)
[2019.01.26-02.43.33:909][228]LogModuleManager: Shutting down and abandoning module ProceduralMeshComponentEditor (408)
[2019.01.26-02.43.33:909][228]LogModuleManager: Shutting down and abandoning module ProceduralMeshComponent (406)
[2019.01.26-02.43.33:909][228]LogModuleManager: Shutting down and abandoning module OculusInput (404)
[2019.01.26-02.43.33:909][228]LogModuleManager: Shutting down and abandoning module MobilePatchingUtils (402)
[2019.01.26-02.43.33:909][228]LogModuleManager: Shutting down and abandoning module EditableMesh (400)
[2019.01.26-02.43.33:909][228]LogModuleManager: Shutting down and abandoning module CustomMeshComponent (398)
[2019.01.26-02.43.33:909][228]LogModuleManager: Shutting down and abandoning module CableComponent (396)
[2019.01.26-02.43.33:909][228]LogModuleManager: Shutting down and abandoning module AudioCapture (394)
[2019.01.26-02.43.33:909][228]LogModuleManager: Shutting down and abandoning module ArchVisCharacter (392)
[2019.01.26-02.43.33:909][228]LogModuleManager: Shutting down and abandoning module AndroidPermission (390)
[2019.01.26-02.43.33:909][228]LogModuleManager: Shutting down and abandoning module NUTUnrealEngine4 (388)
[2019.01.26-02.43.33:909][228]LogModuleManager: Shutting down and abandoning module NetcodeUnitTest (386)
[2019.01.26-02.43.33:909][228]LogModuleManager: Shutting down and abandoning module MediaCompositing (384)
[2019.01.26-02.43.33:910][228]LogModuleManager: Shutting down and abandoning module LinearTimecode (382)
[2019.01.26-02.43.33:910][228]LogModuleManager: Shutting down and abandoning module ImgMedia (380)
[2019.01.26-02.43.33:913][228]LogModuleManager: Shutting down and abandoning module PivotTool (378)
[2019.01.26-02.43.33:914][228]LogModuleManager: Shutting down and abandoning module NiagaraEditorWidgets (376)
[2019.01.26-02.43.33:914][228]LogModuleManager: Shutting down and abandoning module HTML5Networking (374)
[2019.01.26-02.43.33:914][228]LogModuleManager: Shutting down and abandoning module GeometryCacheTracks (372)
[2019.01.26-02.43.33:914][228]LogModuleManager: Shutting down and abandoning module GeometryCacheSequencer (370)
[2019.01.26-02.43.33:914][228]LogModuleManager: Shutting down and abandoning module BackChannel (368)
[2019.01.26-02.43.33:914][228]LogModuleManager: Shutting down and abandoning module AppleVision (366)
[2019.01.26-02.43.33:914][228]LogModuleManager: Shutting down and abandoning module AppleImageUtilsBlueprintSupport (364)
[2019.01.26-02.43.33:914][228]LogModuleManager: Shutting down and abandoning module AppleImageUtils (362)
[2019.01.26-02.43.33:914][228]LogModuleManager: Shutting down and abandoning module AlembicImporter (360)
[2019.01.26-02.43.33:914][228]LogModuleManager: Shutting down and abandoning module AlembicLibrary (359)
[2019.01.26-02.43.33:914][228]LogModuleManager: Shutting down and abandoning module GeometryCache (358)
[2019.01.26-02.43.33:914][228]LogModuleManager: Shutting down and abandoning module GeometryCacheEd (357)
[2019.01.26-02.43.33:914][228]LogModuleManager: Shutting down and abandoning module VariantManagerContent (352)
[2019.01.26-02.43.33:914][228]LogModuleManager: Shutting down and abandoning module DatasmithContentEditor (350)
[2019.01.26-02.43.33:914][228]LogModuleManager: Shutting down and abandoning module SpeedTreeImporter (348)
[2019.01.26-02.43.33:914][228]LogModuleManager: Shutting down and abandoning module PluginBrowser (346)
[2019.01.26-02.43.33:914][228]LogModuleManager: Shutting down and abandoning module MobileLauncherProfileWizard (344)
[2019.01.26-02.43.33:914][228]LogModuleManager: Shutting down and abandoning module PolygonModeling (342)
[2019.01.26-02.43.33:914][228]LogModuleManager: Shutting down and abandoning module MeshEditor (340)
[2019.01.26-02.43.33:914][228]LogModuleManager: Shutting down and abandoning module CryptoKeysOpenSSL (338)
[2019.01.26-02.43.33:914][228]LogModuleManager: Shutting down and abandoning module CryptoKeys (336)
[2019.01.26-02.43.33:914][228]LogModuleManager: Shutting down and abandoning module VisualStudioSourceCodeAccess (334)
[2019.01.26-02.43.33:914][228]LogModuleManager: Shutting down and abandoning module VisualStudioCodeSourceCodeAccess (332)
[2019.01.26-02.43.33:914][228]LogModuleManager: Shutting down and abandoning module UObjectPlugin (330)
[2019.01.26-02.43.33:914][228]LogModuleManager: Shutting down and abandoning module SubversionSourceControl (328)
[2019.01.26-02.43.33:914][228]LogModuleManager: Shutting down and abandoning module PerforceSourceControl (326)
[2019.01.26-02.43.33:914][228]LogModuleManager: Shutting down and abandoning module GitSourceControl (324)
[2019.01.26-02.43.33:914][228]LogModuleManager: Shutting down and abandoning module SourceControl (323)
[2019.01.26-02.43.33:914][228]LogModuleManager: Shutting down and abandoning module CLionSourceCodeAccess (320)
[2019.01.26-02.43.33:914][228]LogModuleManager: Shutting down and abandoning module ActorLayerUtilitiesEditor (318)
[2019.01.26-02.43.33:914][228]LogModuleManager: Shutting down and abandoning module ActorLayerUtilities (316)
[2019.01.26-02.43.33:914][228]LogModuleManager: Shutting down and abandoning module LightPropagationVolumeEditor (314)
[2019.01.26-02.43.33:914][228]LogModuleManager: Shutting down and abandoning module PaperTiledImporter (312)
[2019.01.26-02.43.33:914][228]LogModuleManager: Shutting down and abandoning module PaperSpriteSheetImporter (310)
[2019.01.26-02.43.33:914][228]LogModuleManager: Shutting down and abandoning module Paper2DEditor (308)
[2019.01.26-02.43.33:914][228]LogModuleManager: Shutting down and abandoning module MeshPaint (307)
[2019.01.26-02.43.33:914][228]LogModuleManager: Shutting down and abandoning module RuntimePhysXCooking (304)
[2019.01.26-02.43.33:914][228]LogModuleManager: Shutting down and abandoning module PhysXVehiclesEditor (302)
[2019.01.26-02.43.33:915][228]LogModuleManager: Shutting down and abandoning module PhysXVehicles (300)
[2019.01.26-02.43.33:915][228]LogModuleManager: Shutting down and abandoning module OculusEditor (298)
[2019.01.26-02.43.33:915][228]LogModuleManager: Shutting down and abandoning module LocationServicesBPLibrary (296)
[2019.01.26-02.43.33:915][228]LogModuleManager: Shutting down and abandoning module ActorSequence (294)
[2019.01.26-02.43.33:915][228]LogModuleManager: Shutting down and abandoning module UdpMessaging (292)
[2019.01.26-02.43.34:016][228]LogModuleManager: Shutting down and abandoning module TcpMessaging (290)
[2019.01.26-02.43.34:117][228]LogModuleManager: Shutting down and abandoning module MagicLeapAudio (288)
[2019.01.26-02.43.34:117][228]LogModuleManager: Shutting down and abandoning module Niagara (286)
[2019.01.26-02.43.34:117][228]LogModuleManager: Shutting down and abandoning module NiagaraEditor (285)
[2019.01.26-02.43.34:117][228]LogModuleManager: Shutting down and abandoning module NiagaraCore (282)
[2019.01.26-02.43.34:117][228]LogModuleManager: Shutting down and abandoning module GameplayTagsEditor (280)
[2019.01.26-02.43.34:117][228]LogModuleManager: Shutting down and abandoning module FacialAnimationEditor (278)
[2019.01.26-02.43.34:117][228]LogModuleManager: Shutting down and abandoning module FacialAnimation (276)
[2019.01.26-02.43.34:117][228]LogModuleManager: Shutting down and abandoning module DataValidation (274)
[2019.01.26-02.43.34:117][228]LogModuleManager: Shutting down and abandoning module AssetManagerEditor (272)
[2019.01.26-02.43.34:117][228]LogModuleManager: Shutting down and abandoning module LevelEditor (271)
[2019.01.26-02.43.34:118][228]LogModuleManager: Shutting down and abandoning module PixelInspectorModule (270)
[2019.01.26-02.43.34:118][228]LogModuleManager: Shutting down and abandoning module CommonMenuExtensions (268)
[2019.01.26-02.43.34:118][228]LogModuleManager: Shutting down and abandoning module MainFrame (266)
[2019.01.26-02.43.34:118][228]LogModuleManager: Shutting down and abandoning module HotReload (265)
[2019.01.26-02.43.34:118][228]LogModuleManager: Shutting down and abandoning module ContentBrowser (261)
[2019.01.26-02.43.34:119][228]LogModuleManager: Shutting down and abandoning module TreeMap (259)
[2019.01.26-02.43.34:119][228]LogModuleManager: Shutting down and abandoning module LightPropagationVolumeRuntime (256)
[2019.01.26-02.43.34:119][228]LogModuleManager: Shutting down and abandoning module AISupportModule (254)
[2019.01.26-02.43.34:119][228]LogModuleManager: Shutting down and abandoning module Paper2D (252)
[2019.01.26-02.43.34:119][228]LogModuleManager: Shutting down and abandoning module WindowsMoviePlayer (250)
[2019.01.26-02.43.34:119][228]LogModuleManager: Shutting down and abandoning module WebMMoviePlayer (248)
[2019.01.26-02.43.34:120][228]LogModuleManager: Shutting down and abandoning module WmfMedia (246)
[2019.01.26-02.43.34:121][228]LogModuleManager: Shutting down and abandoning module Media (245)
[2019.01.26-02.43.34:127][228]LogModuleManager: Shutting down and abandoning module PacketHandler (242)
[2019.01.26-02.43.34:127][228]LogModuleManager: Shutting down and abandoning module ClothingSystemEditor (240)
[2019.01.26-02.43.34:127][228]LogModuleManager: Shutting down and abandoning module ClothingSystemRuntime (238)
[2019.01.26-02.43.34:127][228]LogModuleManager: Shutting down and abandoning module MediaAssets (236)
[2019.01.26-02.43.34:127][228]LogModuleManager: Shutting down and abandoning module Overlay (234)
[2019.01.26-02.43.34:127][228]LogModuleManager: Shutting down and abandoning module OverlayEditor (233)
[2019.01.26-02.43.34:127][228]LogModuleManager: Shutting down and abandoning module VREditor (230)
[2019.01.26-02.43.34:127][228]LogModuleManager: Shutting down and abandoning module StringTableEditor (228)
[2019.01.26-02.43.34:127][228]LogModuleManager: Shutting down and abandoning module GameplayTasksEditor (226)
[2019.01.26-02.43.34:127][228]LogModuleManager: Shutting down and abandoning module BehaviorTreeEditor (224)
[2019.01.26-02.43.34:127][228]LogModuleManager: Shutting down and abandoning module FunctionalTesting (222)
[2019.01.26-02.43.34:127][228]LogModuleManager: Shutting down and abandoning module CollisionAnalyzer (220)
[2019.01.26-02.43.34:127][228]LogModuleManager: Shutting down and abandoning module WorkspaceMenuStructure (219)
[2019.01.26-02.43.34:128][228]LogModuleManager: Shutting down and abandoning module UMG (216)
[2019.01.26-02.43.34:128][228]LogModuleManager: Shutting down and abandoning module UMGEditor (215)
[2019.01.26-02.43.34:128][228]LogModuleManager: Shutting down and abandoning module Sequencer (214)
[2019.01.26-02.43.34:128][228]LogModuleManager: Shutting down and abandoning module MessageLog (211)
[2019.01.26-02.43.34:128][228]LogModuleManager: Shutting down and abandoning module SlateReflector (206)
[2019.01.26-02.43.34:128][228]LogModuleManager: Shutting down and abandoning module Slate (204)
[2019.01.26-02.43.34:128][228]LogModuleManager: Shutting down and abandoning module EditorStyle (202)
[2019.01.26-02.43.34:130][228]LogModuleManager: Shutting down and abandoning module MRMesh (200)
[2019.01.26-02.43.34:130][228]LogModuleManager: Shutting down and abandoning module SourceCodeAccess (198)
[2019.01.26-02.43.34:130][228]LogModuleManager: Shutting down and abandoning module HeadMountedDisplay (196)
[2019.01.26-02.43.34:130][228]LogModuleManager: Shutting down and abandoning module XAudio2 (194)
[2019.01.26-02.43.34:130][228]LogModuleManager: Shutting down and abandoning module Networking (192)
[2019.01.26-02.43.34:130][228]LogModuleManager: Shutting down and abandoning module Core (190)
[2019.01.26-02.43.34:130][228]LogModuleManager: Shutting down and abandoning module LevelSequence (188)
[2019.01.26-02.43.34:130][228]LogModuleManager: Shutting down and abandoning module KismetCompiler (186)
[2019.01.26-02.43.34:130][228]LogModuleManager: Shutting down and abandoning module MeshUtilities (184)
[2019.01.26-02.43.34:130][228]LogModuleManager: Shutting down and abandoning module MeshMergeUtilities (183)
[2019.01.26-02.43.34:130][228]LogModuleManager: Shutting down and abandoning module MeshReductionInterface (182)
[2019.01.26-02.43.34:130][228]LogModuleManager: Shutting down and abandoning module SimplygonSwarm (181)
[2019.01.26-02.43.34:130][228]LogModuleManager: Shutting down and abandoning module ProxyLODMeshReduction (179)
[2019.01.26-02.43.34:130][228]LogModuleManager: Shutting down and abandoning module SimplygonMeshReduction (177)
[2019.01.26-02.43.34:130][228]LogModuleManager: Shutting down and abandoning module QuadricMeshReduction (175)
[2019.01.26-02.43.34:130][228]LogModuleManager: Shutting down and abandoning module MaterialBaking (171)
[2019.01.26-02.43.34:130][228]LogModuleManager: Shutting down and abandoning module DirectoryWatcher (167)
[2019.01.26-02.43.34:130][228]LogModuleManager: Shutting down and abandoning module DerivedDataCache (164)
[2019.01.26-02.43.34:525][228]LogDerivedDataCache: Shutdown
[2019.01.26-02.43.34:525][228]LogModuleManager: Shutting down and abandoning module XGEController (162)
[2019.01.26-02.43.34:525][228]LogXGEController: Cleaning working directory: C:/Users/Edward/AppData/Local/Temp/UnrealXGEWorkingDir/
[2019.01.26-02.43.34:526][228]LogModuleManager: Shutting down and abandoning module TargetPlatform (160)
[2019.01.26-02.43.34:526][228]LogModuleManager: Shutting down and abandoning module VulkanShaderFormat (159)
[2019.01.26-02.43.34:526][228]LogModuleManager: Shutting down and abandoning module ShaderFormatVectorVM (157)
[2019.01.26-02.43.34:526][228]LogModuleManager: Shutting down and abandoning module ShaderFormatOpenGL (155)
[2019.01.26-02.43.34:526][228]LogModuleManager: Shutting down and abandoning module ShaderFormatD3D (153)
[2019.01.26-02.43.34:526][228]LogModuleManager: Shutting down and abandoning module MetalShaderFormat (151)
[2019.01.26-02.43.34:526][228]LogModuleManager: Shutting down and abandoning module TextureFormatUncompressed (149)
[2019.01.26-02.43.34:526][228]LogModuleManager: Shutting down and abandoning module TextureFormatPVR (147)
[2019.01.26-02.43.34:526][228]LogModuleManager: Shutting down and abandoning module TextureFormatDXT (145)
[2019.01.26-02.43.34:526][228]LogModuleManager: Shutting down and abandoning module TextureFormatIntelISPCTexComp (143)
[2019.01.26-02.43.34:526][228]LogModuleManager: Shutting down and abandoning module TextureFormatASTC (141)
[2019.01.26-02.43.34:526][228]LogModuleManager: Shutting down and abandoning module ImageWrapper (140)
[2019.01.26-02.43.34:526][228]LogModuleManager: Shutting down and abandoning module TextureFormatAndroid (137)
[2019.01.26-02.43.34:526][228]LogModuleManager: Shutting down and abandoning module AudioFormatOpus (135)
[2019.01.26-02.43.34:526][228]LogModuleManager: Shutting down and abandoning module AudioFormatOgg (133)
[2019.01.26-02.43.34:526][228]LogModuleManager: Shutting down and abandoning module AudioFormatADPCM (131)
[2019.01.26-02.43.34:526][228]LogModuleManager: Shutting down and abandoning module LuminTargetPlatform (129)
[2019.01.26-02.43.34:527][228]LogModuleManager: Shutting down and abandoning module LinuxTargetPlatform (127)
[2019.01.26-02.43.34:527][228]LogModuleManager: Shutting down and abandoning module LinuxServerTargetPlatform (125)
[2019.01.26-02.43.34:527][228]LogModuleManager: Shutting down and abandoning module LinuxNoEditorTargetPlatform (123)
[2019.01.26-02.43.34:527][228]LogModuleManager: Shutting down and abandoning module LinuxClientTargetPlatform (121)
[2019.01.26-02.43.34:527][228]LogModuleManager: Shutting down and abandoning module TVOSTargetPlatform (119)
[2019.01.26-02.43.34:527][228]LogModuleManager: Shutting down and abandoning module Messaging (117)
[2019.01.26-02.43.34:528][228]LogModuleManager: Shutting down and abandoning module IOSTargetPlatform (115)
[2019.01.26-02.43.34:528][228]LogModuleManager: Shutting down and abandoning module HTML5TargetPlatform (113)
[2019.01.26-02.43.34:528][228]LogModuleManager: Shutting down and abandoning module AndroidTargetPlatform (111)
[2019.01.26-02.43.34:531][228]LogModuleManager: Shutting down and abandoning module WindowsTargetPlatform (109)
[2019.01.26-02.43.34:532][228]LogModuleManager: Shutting down and abandoning module WindowsServerTargetPlatform (107)
[2019.01.26-02.43.34:532][228]LogModuleManager: Shutting down and abandoning module WindowsNoEditorTargetPlatform (105)
[2019.01.26-02.43.34:532][228]LogModuleManager: Shutting down and abandoning module WindowsClientTargetPlatform (103)
[2019.01.26-02.43.34:532][228]LogModuleManager: Shutting down and abandoning module MacTargetPlatform (101)
[2019.01.26-02.43.34:532][228]LogModuleManager: Shutting down and abandoning module MacServerTargetPlatform (99)
[2019.01.26-02.43.34:532][228]LogModuleManager: Shutting down and abandoning module MacNoEditorTargetPlatform (97)
[2019.01.26-02.43.34:532][228]LogModuleManager: Shutting down and abandoning module MacClientTargetPlatform (95)
[2019.01.26-02.43.34:532][228]LogModuleManager: Shutting down and abandoning module AllDesktopTargetPlatform (93)
[2019.01.26-02.43.34:532][228]LogModuleManager: Shutting down and abandoning module InputCore (90)
[2019.01.26-02.43.34:532][228]LogModuleManager: Shutting down and abandoning module Settings (88)
[2019.01.26-02.43.34:532][228]LogModuleManager: Shutting down and abandoning module PhysXCooking (86)
[2019.01.26-02.43.34:532][228]LogModuleManager: Shutting down and abandoning module SteamVR (84)
[2019.01.26-02.43.34:532][228]LogHMD: Freeing OpenVRDLLHandle.
[2019.01.26-02.43.34:532][228]LogModuleManager: Shutting down and abandoning module OculusHMD (82)
[2019.01.26-02.43.34:532][228]LogModuleManager: Shutting down and abandoning module ExampleDeviceProfileSelector (80)
[2019.01.26-02.43.34:532][228]LogModuleManager: Shutting down and abandoning module LauncherChunkInstaller (78)
[2019.01.26-02.43.34:532][228]LogModuleManager: Shutting down and abandoning module OnlineBlueprintSupport (76)
[2019.01.26-02.43.34:532][228]LogModuleManager: Shutting down and abandoning module OnlineSubsystem (72)
[2019.01.26-02.43.34:532][228]LogModuleManager: Shutting down and abandoning module XMPP (67)
[2019.01.26-02.43.34:532][228]LogModuleManager: Shutting down and abandoning module WebSockets (66)
[2019.01.26-02.43.34:536][228]LogModuleManager: Shutting down and abandoning module HTTP (63)
[2019.01.26-02.43.34:536][228]LogHttp: Display: Http module shutting down, but needs to wait on 1 outstanding Http requests:
[2019.01.26-02.43.34:536][228]LogHttp: Display: 	verb=[POST] url=[https://datarouter.ol.epicgames.com/datarouter/api/v1/public/data?SessionID=%7BD1516CDE-4049-2ACA-4F1C-9FA2F6977FE4%7D&AppID=UEEditor.Rocket.Release&AppVersion=4.21.1-4613538%2B%2B%2BUE4%2BRelease-4.21&UserID=167b2732488f13079347228cf1c12dad%7C0d29643155df447f8ecd4affefbed7c2%7C5cc3f458-1c46-47fa-8774-a41261fa073f&AppEnvironment=datacollector-binary&UploadType=eteventstream] status=Processing
[2019.01.26-02.43.34:555][228]LogModuleManager: Shutting down and abandoning module SSL (62)
[2019.01.26-02.43.34:556][228]LogModuleManager: Shutting down and abandoning module MagicLeapIdentity (58)
[2019.01.26-02.43.34:556][228]LogModuleManager: Shutting down and abandoning module MagicLeapHelperVulkan (56)
[2019.01.26-02.43.34:556][228]LogModuleManager: Shutting down and abandoning module MagicLeapHelperOpenGL (54)
[2019.01.26-02.43.34:556][228]LogModuleManager: Shutting down and abandoning module MagicLeapSecureStorage (52)
[2019.01.26-02.43.34:556][228]LogModuleManager: Shutting down and abandoning module MagicLeapHandTracking (50)
[2019.01.26-02.43.34:556][228]LogModuleManager: Shutting down and abandoning module MagicLeapEyeTracker (48)
[2019.01.26-02.43.34:556][228]LogModuleManager: Shutting down and abandoning module MagicLeapController (46)
[2019.01.26-02.43.34:557][228]LogSlate: Slate User Destroyed.  User Index 0, Is Virtual User: 0
[2019.01.26-02.43.34:557][228]LogModuleManager: Shutting down and abandoning module MagicLeap (44)
[2019.01.26-02.43.34:557][228]LogModuleManager: Shutting down and abandoning module NiagaraVertexFactories (42)
[2019.01.26-02.43.34:557][228]LogModuleManager: Shutting down and abandoning module NiagaraShader (40)
[2019.01.26-02.43.34:557][228]LogModuleManager: Shutting down and abandoning module DatasmithContent (38)
[2019.01.26-02.43.34:557][228]LogModuleManager: Shutting down and abandoning module AnimationModifiers (36)
[2019.01.26-02.43.34:557][228]LogModuleManager: Shutting down and abandoning module PropertyEditor (35)
[2019.01.26-02.43.34:557][228]LogModuleManager: Shutting down and abandoning module AudioEditor (32)
[2019.01.26-02.43.34:557][228]LogModuleManager: Shutting down and abandoning module TextureCompressor (30)
[2019.01.26-02.43.34:557][228]LogModuleManager: Shutting down and abandoning module ShaderCore (28)
[2019.01.26-02.43.34:557][228]LogModuleManager: Shutting down and abandoning module Landscape (26)
[2019.01.26-02.43.34:557][228]LogModuleManager: Shutting down and abandoning module SlateRHIRenderer (24)
[2019.01.26-02.43.34:557][228]LogModuleManager: Shutting down and abandoning module OpenGLDrv (22)
[2019.01.26-02.43.34:557][228]LogModuleManager: Shutting down and abandoning module D3D11RHI (20)
[2019.01.26-02.43.34:557][228]LogModuleManager: Shutting down and abandoning module AnimGraphRuntime (18)
[2019.01.26-02.43.34:557][228]LogModuleManager: Shutting down and abandoning module Renderer (16)
[2019.01.26-02.43.34:557][228]LogModuleManager: Shutting down and abandoning module Engine (14)
[2019.01.26-02.43.34:557][228]LogModuleManager: Shutting down and abandoning module CoreUObject (12)
[2019.01.26-02.43.34:557][228]LogModuleManager: Shutting down and abandoning module NetworkFile (10)
[2019.01.26-02.43.34:557][228]LogModuleManager: Shutting down and abandoning module CookedIterativeFile (8)
[2019.01.26-02.43.34:557][228]LogModuleManager: Shutting down and abandoning module StreamingFile (6)
[2019.01.26-02.43.34:557][228]LogModuleManager: Shutting down and abandoning module SandboxFile (4)
[2019.01.26-02.43.34:557][228]LogModuleManager: Shutting down and abandoning module PakFile (2)
[2019.01.26-02.43.34:572][228]LogExit: Exiting.
[2019.01.26-02.43.34:580][228]Log file closed, 01/25/19 21:43:34
