Log file open, 01/25/19 21:15:31
LogWindows: Failed to load 'aqProf.dll' (GetLastError=126)
LogWindows: File 'aqProf.dll' does not exist
LogWindows: Failed to load 'VtuneApi.dll' (GetLastError=126)
LogWindows: File 'VtuneApi.dll' does not exist
LogWindows: Failed to load 'VtuneApi32e.dll' (GetLastError=126)
LogWindows: File 'VtuneApi32e.dll' does not exist
LogConsoleResponse: Display: Failed to find resolution value strings in scalability ini. Falling back to default.
LogInit: Display: Running engine for game: GGJ_UE_Workshop
LogPakFile: Registered encryption key '00000000000000000000000000000000': 0 pak files mounted, 0 remain pending
LogPlatformFile: Not using cached read wrapper
LogTaskGraph: Started task graph with 5 named threads and 47 total threads with 3 sets of task threads.
LogStats: Stats thread started at 0.550694
LogD3D11RHI: Loaded GFSDK_Aftermath_Lib.x64.dll
LogICUInternationalization: ICU TimeZone Detection - Raw Offset: -5:00, Platform Override: ''
LogPluginManager: Mounting plugin Paper2D
LogPluginManager: Mounting plugin AISupport
LogPluginManager: Mounting plugin LightPropagationVolume
LogPluginManager: Mounting plugin ActorLayerUtilities
LogPluginManager: Mounting plugin CLionSourceCodeAccess
LogPluginManager: Mounting plugin CodeLiteSourceCodeAccess
LogPluginManager: Mounting plugin GitSourceControl
LogPluginManager: Mounting plugin KDevelopSourceCodeAccess
LogPluginManager: Mounting plugin NullSourceCodeAccess
LogPluginManager: Mounting plugin PerforceSourceControl
LogPluginManager: Mounting plugin SubversionSourceControl
LogPluginManager: Mounting plugin UObjectPlugin
LogPluginManager: Mounting plugin VisualStudioCodeSourceCodeAccess
LogPluginManager: Mounting plugin VisualStudioSourceCodeAccess
LogPluginManager: Mounting plugin XCodeSourceCodeAccess
LogPluginManager: Mounting plugin AssetManagerEditor
LogPluginManager: Mounting plugin CryptoKeys
LogPluginManager: Mounting plugin DataValidation
LogPluginManager: Mounting plugin FacialAnimation
LogPluginManager: Mounting plugin GameplayTagsEditor
LogPluginManager: Mounting plugin MacGraphicsSwitching
LogPluginManager: Mounting plugin MeshEditor
LogPluginManager: Mounting plugin MobileLauncherProfileWizard
LogPluginManager: Mounting plugin PluginBrowser
LogPluginManager: Mounting plugin SpeedTreeImporter
LogPluginManager: Mounting plugin DatasmithContent
LogPluginManager: Mounting plugin VariantManagerContent
LogPluginManager: Mounting plugin AlembicImporter
LogPluginManager: Mounting plugin AppleImageUtils
LogPluginManager: Mounting plugin AppleVision
LogPluginManager: Mounting plugin BackChannel
LogPluginManager: Mounting plugin CharacterAI
LogPluginManager: Mounting plugin GeometryCache
LogPluginManager: Mounting plugin HTML5Networking
LogPluginManager: Mounting plugin ProxyLODPlugin
LogPluginManager: Mounting plugin Niagara
LogPluginManager: Mounting plugin NiagaraExtras
LogPluginManager: Mounting plugin MagicLeap
LogPluginManager: Mounting plugin MagicLeapMedia
LogPluginManager: Mounting plugin PivotTool
LogPluginManager: Mounting plugin AndroidMedia
LogPluginManager: Mounting plugin AvfMedia
LogPluginManager: Mounting plugin ImgMedia
LogPluginManager: Mounting plugin LinearTimecode
LogPluginManager: Mounting plugin MediaCompositing
LogPluginManager: Mounting plugin MediaPlayerEditor
LogPluginManager: Mounting plugin WebMMedia
LogPluginManager: Mounting plugin WmfMedia
LogPluginManager: Mounting plugin TcpMessaging
LogPluginManager: Mounting plugin UdpMessaging
LogPluginManager: Mounting plugin ActorSequence
LogPluginManager: Mounting plugin LevelSequenceEditor
LogPluginManager: Mounting plugin MatineeToLevelSequence
LogPluginManager: Mounting plugin NetcodeUnitTest
LogPluginManager: Mounting plugin NUTUnrealEngine4
LogPluginManager: Mounting plugin OnlineSubsystemGooglePlay
LogPluginManager: Mounting plugin OnlineSubsystemIOS
LogPluginManager: Mounting plugin OnlineSubsystem
LogPluginManager: Mounting plugin OnlineSubsystemNull
LogPluginManager: Mounting plugin OnlineSubsystemUtils
LogPluginManager: Mounting plugin LauncherChunkInstaller
LogPluginManager: Mounting plugin AndroidDeviceProfileSelector
LogPluginManager: Mounting plugin AndroidMoviePlayer
LogPluginManager: Mounting plugin AndroidPermission
LogPluginManager: Mounting plugin AppleMoviePlayer
LogPluginManager: Mounting plugin ArchVisCharacter
LogPluginManager: Mounting plugin AudioCapture
LogPluginManager: Mounting plugin CableComponent
LogPluginManager: Mounting plugin CustomMeshComponent
LogPluginManager: Mounting plugin EditableMesh
LogPluginManager: Mounting plugin ExampleDeviceProfileSelector
LogPluginManager: Mounting plugin Firebase
LogPluginManager: Mounting plugin GoogleCloudMessaging
LogPluginManager: Mounting plugin IOSDeviceProfileSelector
LogPluginManager: Mounting plugin LinuxDeviceProfileSelector
LogPluginManager: Mounting plugin LocationServicesBPLibrary
LogPluginManager: Mounting plugin MobilePatchingUtils
LogPluginManager: Mounting plugin OculusVR
LogPluginManager: Mounting plugin PhysXVehicles
LogPluginManager: Mounting plugin ProceduralMeshComponent
LogPluginManager: Mounting plugin RuntimePhysXCooking
LogPluginManager: Mounting plugin SteamVR
LogPluginManager: Mounting plugin WebMMoviePlayer
LogPluginManager: Mounting plugin WindowsMoviePlayer
LogStreaming: Display: Took  0.084s to configure plugins.
LogInit: Using libcurl 7.55.1-DEV
LogInit:  - built for x86_64-pc-win32
LogInit:  - supports SSL with OpenSSL/1.0.2h
LogInit:  - supports HTTP deflate (compression) using libz 1.2.8
LogInit:  - other features:
LogInit:      CURL_VERSION_SSL
LogInit:      CURL_VERSION_LIBZ
LogInit:      CURL_VERSION_IPV6
LogInit:      CURL_VERSION_ASYNCHDNS
LogInit:      CURL_VERSION_LARGEFILE
LogInit:      CURL_VERSION_IDN
LogInit:  CurlRequestOptions (configurable via config and command line):
LogInit:  - bVerifyPeer = true  - Libcurl will verify peer certificate
LogInit:  - bUseHttpProxy = false  - Libcurl will NOT use HTTP proxy
LogInit:  - bDontReuseConnections = false  - Libcurl will reuse connections
LogInit:  - MaxHostConnections = 16  - Libcurl will limit the number of connections to a host
LogInit:  - LocalHostAddr = Default
LogInit:  - BufferSize = 65536
LogInit: WinSock: version 1.1 (2.2), MaxSocks=32767, MaxUdp=65467
LogHMD: Failed initializing OVRPlugin 1.28.0
LogInit: Build: ++UE4+Release-4.21-CL-4613538
LogInit: Engine Version: 4.21.1-4613538+++UE4+Release-4.21
LogInit: Compatible Engine Version: 4.21.0-4541578+++UE4+Release-4.21
LogInit: Net CL: 4541578
LogInit: OS: Windows 10 (), CPU: AMD Ryzen 7 2700X Eight-Core Processor         , GPU: NVIDIA GeForce GTX 1080
LogInit: Compiled (64-bit): Nov 30 2018 04:13:25
LogInit: Compiled with Visual C++: 19.13.26129.00
LogInit: Build Configuration: Development
LogInit: Branch Name: ++UE4+Release-4.21
LogInit: Command Line: 
LogInit: Base Directory: F:/Development/Epic Games/UE_4.21/Engine/Binaries/Win64/
LogInit: Installed Engine Build: 1
LogDevObjectVersion: Number of dev versions registered: 22
LogDevObjectVersion:   Dev-Blueprints (B0D832E4-1F89-4F0D-ACCF-7EB736FD4AA2): 10
LogDevObjectVersion:   Dev-Build (E1C64328-A22C-4D53-A36C-8E866417BD8C): 0
LogDevObjectVersion:   Dev-Core (375EC13C-06E4-48FB-B500-84F0262A717E): 2
LogDevObjectVersion:   Dev-Editor (E4B068ED-F494-42E9-A231-DA0B2E46BB41): 26
LogDevObjectVersion:   Dev-Framework (CFFC743F-43B0-4480-9391-14DF171D2073): 34
LogDevObjectVersion:   Dev-Mobile (B02B49B5-BB20-44E9-A304-32B752E40360): 2
LogDevObjectVersion:   Dev-Networking (A4E4105C-59A1-49B5-A7C5-40C4547EDFEE): 0
LogDevObjectVersion:   Dev-Online (39C831C9-5AE6-47DC-9A44-9C173E1C8E7C): 0
LogDevObjectVersion:   Dev-Physics (78F01B33-EBEA-4F98-B9B4-84EACCB95AA2): 0
LogDevObjectVersion:   Dev-Platform (6631380F-2D4D-43E0-8009-CF276956A95A): 0
LogDevObjectVersion:   Dev-Rendering (12F88B9F-8875-4AFC-A67C-D90C383ABD29): 27
LogDevObjectVersion:   Dev-Sequencer (7B5AE74C-D270-4C10-A958-57980B212A5A): 9
LogDevObjectVersion:   Dev-VR (D7296918-1DD6-4BDD-9DE2-64A83CC13884): 2
LogDevObjectVersion:   Dev-LoadTimes (C2A15278-BFE7-4AFE-6C17-90FF531DF755): 1
LogDevObjectVersion:   Private-Geometry (6EACA3D4-40EC-4CC1-B786-8BED09428FC5): 3
LogDevObjectVersion:   Dev-AnimPhys (29E575DD-E0A3-4627-9D10-D276232CDCEA): 17
LogDevObjectVersion:   Dev-Anim (AF43A65D-7FD3-4947-9873-3E8ED9C1BB05): 2
LogDevObjectVersion:   Dev-ReflectionCapture (6B266CEC-1EC7-4B8F-A30B-E4D90942FC07): 1
LogDevObjectVersion:   Dev-Automation (0DF73D61-A23F-47EA-B727-89E90C41499A): 1
LogDevObjectVersion:   FortniteMain (601D1886-AC64-4F84-AA16-D3DE0DEAC7D6): 17
LogDevObjectVersion:   Dev-Enterprise (9DFFBCD6-494F-0158-E221-12823C92A888): 4
LogDevObjectVersion:   Dev-Niagara (F2AED0AC-9AFE-416F-8664-AA7FFA26D6FC): 1
LogStreaming: Display: Took  0.000s to delete old logs.
LogInit: Presizing for max 8388607 objects, including 0 objects not considered by GC, pre-allocating 0 bytes for permanent pool.
LogInit: Object subsystem initialized
LogConfig: Setting CVar [[con.DebugEarlyDefault:1]]
LogConfig: Setting CVar [[r.setres:1280x720]]
[2019.01.26-02.15.32:131][  0]LogConfig: Setting CVar [[r.VSync:0]]
[2019.01.26-02.15.32:131][  0]LogConfig: Setting CVar [[r.RHICmdBypass:0]]
[2019.01.26-02.15.32:131][  0]LogConfig: Applying CVar settings from Section [/Script/Engine.RendererSettings] File [F:/Projects/Unreal/GGJ_UE_Workshop/Saved/Config/Windows/Engine.ini]
[2019.01.26-02.15.32:131][  0]LogConfig: Setting CVar [[r.GPUCrashDebugging:0]]
[2019.01.26-02.15.32:131][  0]LogConfig: Setting CVar [[r.DefaultFeature.AmbientOcclusion:0]]
[2019.01.26-02.15.32:131][  0]LogConfig: Setting CVar [[r.DefaultFeature.AmbientOcclusionStaticFraction:0]]
[2019.01.26-02.15.32:131][  0]LogConfig: Setting CVar [[vr.InstancedStereo:1]]
[2019.01.26-02.15.32:131][  0]LogConfig: Setting CVar [[r.SeparateTranslucency:0]]
[2019.01.26-02.15.32:131][  0]LogConfig: Setting CVar [[r.HZBOcclusion:0]]
[2019.01.26-02.15.32:131][  0]LogConfig: Setting CVar [[r.SSR.MaxRoughness:0]]
[2019.01.26-02.15.32:131][  0]LogConfig: Setting CVar [[r.rhicmdbypass:0]]
[2019.01.26-02.15.32:131][  0]LogConfig: Setting CVar [[r.ForwardShading:1]]
[2019.01.26-02.15.32:131][  0]LogConfig: Setting CVar [[r.GenerateMeshDistanceFields:1]]
[2019.01.26-02.15.32:131][  0]LogConfig: Applying CVar settings from Section [/Script/Engine.RendererOverrideSettings] File [F:/Projects/Unreal/GGJ_UE_Workshop/Saved/Config/Windows/Engine.ini]
[2019.01.26-02.15.32:131][  0]LogConfig: Applying CVar settings from Section [/Script/Engine.StreamingSettings] File [F:/Projects/Unreal/GGJ_UE_Workshop/Saved/Config/Windows/Engine.ini]
[2019.01.26-02.15.32:131][  0]LogConfig: Setting CVar [[s.MinBulkDataSizeForAsyncLoading:131072]]
[2019.01.26-02.15.32:131][  0]LogConfig: Setting CVar [[s.AsyncLoadingThreadEnabled:0]]
[2019.01.26-02.15.32:131][  0]LogConfig: Setting CVar [[s.EventDrivenLoaderEnabled:1]]
[2019.01.26-02.15.32:131][  0]LogConfig: Setting CVar [[s.WarnIfTimeLimitExceeded:0]]
[2019.01.26-02.15.32:131][  0]LogConfig: Setting CVar [[s.TimeLimitExceededMultiplier:1.5]]
[2019.01.26-02.15.32:131][  0]LogConfig: Setting CVar [[s.TimeLimitExceededMinTime:0.005]]
[2019.01.26-02.15.32:132][  0]LogConfig: Setting CVar [[s.UseBackgroundLevelStreaming:1]]
[2019.01.26-02.15.32:132][  0]LogConfig: Setting CVar [[s.PriorityAsyncLoadingExtraTime:15.0]]
[2019.01.26-02.15.32:132][  0]LogConfig: Setting CVar [[s.LevelStreamingActorsUpdateTimeLimit:5.0]]
[2019.01.26-02.15.32:132][  0]LogConfig: Setting CVar [[s.PriorityLevelStreamingActorsUpdateExtraTime:5.0]]
[2019.01.26-02.15.32:132][  0]LogConfig: Setting CVar [[s.LevelStreamingComponentsRegistrationGranularity:10]]
[2019.01.26-02.15.32:132][  0]LogConfig: Setting CVar [[s.UnregisterComponentsTimeLimit:1.0]]
[2019.01.26-02.15.32:132][  0]LogConfig: Setting CVar [[s.LevelStreamingComponentsUnregistrationGranularity:5]]
[2019.01.26-02.15.32:132][  0]LogConfig: Applying CVar settings from Section [/Script/Engine.GarbageCollectionSettings] File [F:/Projects/Unreal/GGJ_UE_Workshop/Saved/Config/Windows/Engine.ini]
[2019.01.26-02.15.32:132][  0]LogConfig: Setting CVar [[gc.MaxObjectsNotConsideredByGC:1]]
[2019.01.26-02.15.32:132][  0]LogConfig: Setting CVar [[gc.SizeOfPermanentObjectPool:0]]
[2019.01.26-02.15.32:132][  0]LogConfig: Setting CVar [[gc.FlushStreamingOnGC:0]]
[2019.01.26-02.15.32:132][  0]LogConfig: Setting CVar [[gc.NumRetriesBeforeForcingGC:10]]
[2019.01.26-02.15.32:132][  0]LogConfig: Setting CVar [[gc.AllowParallelGC:1]]
[2019.01.26-02.15.32:132][  0]LogConfig: Setting CVar [[gc.TimeBetweenPurgingPendingKillObjects:61.1]]
[2019.01.26-02.15.32:132][  0]LogConfig: Setting CVar [[gc.MaxObjectsInEditor:8388607]]
[2019.01.26-02.15.32:132][  0]LogConfig: Setting CVar [[gc.IncrementalBeginDestroyEnabled:1]]
[2019.01.26-02.15.32:132][  0]LogConfig: Setting CVar [[gc.CreateGCClusters:1]]
[2019.01.26-02.15.32:132][  0]LogConfig: Setting CVar [[gc.MergeGCClusters:0]]
[2019.01.26-02.15.32:132][  0]LogConfig: Setting CVar [[gc.MinGCClusterSize:5]]
[2019.01.26-02.15.32:132][  0]LogConfig: Setting CVar [[gc.ActorClusteringEnabled:0]]
[2019.01.26-02.15.32:132][  0]LogConfig: Setting CVar [[gc.BlueprintClusteringEnabled:0]]
[2019.01.26-02.15.32:132][  0]LogConfig: Setting CVar [[gc.UseDisregardForGCOnDedicatedServers:0]]
[2019.01.26-02.15.32:132][  0]LogConfig: Applying CVar settings from Section [/Script/Engine.NetworkSettings] File [F:/Projects/Unreal/GGJ_UE_Workshop/Saved/Config/Windows/Engine.ini]
[2019.01.26-02.15.32:132][  0]LogConfig: Applying CVar settings from Section [/Script/UnrealEd.CookerSettings] File [F:/Projects/Unreal/GGJ_UE_Workshop/Saved/Config/Windows/Engine.ini]
[2019.01.26-02.15.32:134][  0]LogConfig: Applying CVar settings from Section [ViewDistanceQuality@3] File [F:/Projects/Unreal/GGJ_UE_Workshop/Saved/Config/Windows/Scalability.ini]
[2019.01.26-02.15.32:134][  0]LogConfig: Setting CVar [[r.SkeletalMeshLODBias:0]]
[2019.01.26-02.15.32:134][  0]LogConfig: Setting CVar [[r.ViewDistanceScale:1.0]]
[2019.01.26-02.15.32:134][  0]LogConfig: Applying CVar settings from Section [AntiAliasingQuality@3] File [F:/Projects/Unreal/GGJ_UE_Workshop/Saved/Config/Windows/Scalability.ini]
[2019.01.26-02.15.32:134][  0]LogConfig: Setting CVar [[r.PostProcessAAQuality:3]]
[2019.01.26-02.15.32:134][  0]LogConfig: Applying CVar settings from Section [ShadowQuality@3] File [F:/Projects/Unreal/GGJ_UE_Workshop/Saved/Config/Windows/Scalability.ini]
[2019.01.26-02.15.32:134][  0]LogConfig: Setting CVar [[r.LightFunctionQuality:1]]
[2019.01.26-02.15.32:134][  0]LogConfig: Setting CVar [[r.ShadowQuality:5]]
[2019.01.26-02.15.32:134][  0]LogConfig: Setting CVar [[r.Shadow.CSM.MaxCascades:10]]
[2019.01.26-02.15.32:134][  0]LogConfig: Setting CVar [[r.Shadow.MaxResolution:2048]]
[2019.01.26-02.15.32:134][  0]LogConfig: Setting CVar [[r.Shadow.MaxCSMResolution:2048]]
[2019.01.26-02.15.32:134][  0]LogConfig: Setting CVar [[r.Shadow.RadiusThreshold:0.01]]
[2019.01.26-02.15.32:134][  0]LogConfig: Setting CVar [[r.Shadow.DistanceScale:1.0]]
[2019.01.26-02.15.32:135][  0]LogConfig: Setting CVar [[r.Shadow.CSM.TransitionScale:1.0]]
[2019.01.26-02.15.32:135][  0]LogConfig: Setting CVar [[r.Shadow.PreShadowResolutionFactor:1.0]]
[2019.01.26-02.15.32:135][  0]LogConfig: Setting CVar [[r.DistanceFieldShadowing:1]]
[2019.01.26-02.15.32:135][  0]LogConfig: Setting CVar [[r.DistanceFieldAO:1]]
[2019.01.26-02.15.32:135][  0]LogConfig: Setting CVar [[r.AOQuality:2]]
[2019.01.26-02.15.32:135][  0]LogConfig: Setting CVar [[r.VolumetricFog:1]]
[2019.01.26-02.15.32:135][  0]LogConfig: Setting CVar [[r.VolumetricFog.GridPixelSize:8]]
[2019.01.26-02.15.32:135][  0]LogConfig: Setting CVar [[r.VolumetricFog.GridSizeZ:128]]
[2019.01.26-02.15.32:135][  0]LogConfig: Setting CVar [[r.VolumetricFog.HistoryMissSupersampleCount:4]]
[2019.01.26-02.15.32:135][  0]LogConfig: Setting CVar [[r.LightMaxDrawDistanceScale:1]]
[2019.01.26-02.15.32:135][  0]LogConfig: Setting CVar [[r.CapsuleShadows:1]]
[2019.01.26-02.15.32:135][  0]LogConfig: Applying CVar settings from Section [PostProcessQuality@3] File [F:/Projects/Unreal/GGJ_UE_Workshop/Saved/Config/Windows/Scalability.ini]
[2019.01.26-02.15.32:135][  0]LogConfig: Setting CVar [[r.MotionBlurQuality:0]]
[2019.01.26-02.15.32:135][  0]LogConfig: Setting CVar [[r.AmbientOcclusionMipLevelFactor:0.4]]
[2019.01.26-02.15.32:135][  0]LogConfig: Setting CVar [[r.AmbientOcclusionMaxQuality:100]]
[2019.01.26-02.15.32:135][  0]LogConfig: Setting CVar [[r.AmbientOcclusionLevels:0]]
[2019.01.26-02.15.32:135][  0]LogConfig: Setting CVar [[r.AmbientOcclusionRadiusScale:1.0]]
[2019.01.26-02.15.32:135][  0]LogConfig: Setting CVar [[r.DepthOfFieldQuality:0]]
[2019.01.26-02.15.32:135][  0]LogConfig: Setting CVar [[r.RenderTargetPoolMin:400]]
[2019.01.26-02.15.32:135][  0]LogConfig: Setting CVar [[r.LensFlareQuality:0]]
[2019.01.26-02.15.32:135][  0]LogConfig: Setting CVar [[r.SceneColorFringeQuality:0]]
[2019.01.26-02.15.32:135][  0]LogConfig: Setting CVar [[r.EyeAdaptationQuality:2]]
[2019.01.26-02.15.32:135][  0]LogConfig: Setting CVar [[r.BloomQuality:1]]
[2019.01.26-02.15.32:135][  0]LogConfig: Setting CVar [[r.FastBlurThreshold:0]]
[2019.01.26-02.15.32:135][  0]LogConfig: Setting CVar [[r.Upscale.Quality:3]]
[2019.01.26-02.15.32:135][  0]LogConfig: Setting CVar [[r.Tonemapper.GrainQuantization:1]]
[2019.01.26-02.15.32:135][  0]LogConfig: Setting CVar [[r.LightShaftQuality:1]]
[2019.01.26-02.15.32:135][  0]LogConfig: Setting CVar [[r.Filter.SizeScale:1]]
[2019.01.26-02.15.32:135][  0]LogConfig: Setting CVar [[r.Tonemapper.Quality:5]]
[2019.01.26-02.15.32:135][  0]LogConfig: Setting CVar [[r.DOF.Gather.AccumulatorQuality:1        ; higher gathering accumulator quality]]
[2019.01.26-02.15.32:135][  0]LogConfig: Setting CVar [[r.DOF.Gather.PostfilterMethod:1          ; Median3x3 postfilering method]]
[2019.01.26-02.15.32:135][  0]LogConfig: Setting CVar [[r.DOF.Gather.EnableBokehSettings:0       ; no bokeh simulation when gathering]]
[2019.01.26-02.15.32:135][  0]LogConfig: Setting CVar [[r.DOF.Gather.RingCount:4                 ; medium number of samples when gathering]]
[2019.01.26-02.15.32:135][  0]LogConfig: Setting CVar [[r.DOF.Scatter.ForegroundCompositing:1    ; additive foreground scattering]]
[2019.01.26-02.15.32:135][  0]LogConfig: Setting CVar [[r.DOF.Scatter.BackgroundCompositing:2    ; additive background scattering]]
[2019.01.26-02.15.32:135][  0]LogConfig: Setting CVar [[r.DOF.Scatter.EnableBokehSettings:1      ; bokeh simulation when scattering]]
[2019.01.26-02.15.32:135][  0]LogConfig: Setting CVar [[r.DOF.Scatter.MaxSpriteRatio:0.1         ; only a maximum of 10% of scattered bokeh]]
[2019.01.26-02.15.32:135][  0]LogConfig: Setting CVar [[r.DOF.Recombine.Quality:1                ; cheap slight out of focus]]
[2019.01.26-02.15.32:135][  0]LogConfig: Setting CVar [[r.DOF.Recombine.EnableBokehSettings:0    ; no bokeh simulation on slight out of focus]]
[2019.01.26-02.15.32:135][  0]LogConfig: Setting CVar [[r.DOF.TemporalAAQuality:1                ; more stable temporal accumulation]]
[2019.01.26-02.15.32:135][  0]LogConfig: Setting CVar [[r.DOF.Kernel.MaxForegroundRadius:0.025]]
[2019.01.26-02.15.32:135][  0]LogConfig: Setting CVar [[r.DOF.Kernel.MaxBackgroundRadius:0.025]]
[2019.01.26-02.15.32:135][  0]LogConfig: Applying CVar settings from Section [TextureQuality@3] File [F:/Projects/Unreal/GGJ_UE_Workshop/Saved/Config/Windows/Scalability.ini]
[2019.01.26-02.15.32:135][  0]LogConfig: Setting CVar [[r.Streaming.MipBias:0]]
[2019.01.26-02.15.32:135][  0]LogConfig: Setting CVar [[r.Streaming.AmortizeCPUToGPUCopy:0]]
[2019.01.26-02.15.32:135][  0]LogConfig: Setting CVar [[r.Streaming.MaxNumTexturesToStreamPerFrame:0]]
[2019.01.26-02.15.32:135][  0]LogConfig: Setting CVar [[r.Streaming.Boost:1]]
[2019.01.26-02.15.32:135][  0]LogConfig: Setting CVar [[r.MaxAnisotropy:8]]
[2019.01.26-02.15.32:135][  0]LogConfig: Setting CVar [[r.Streaming.LimitPoolSizeToVRAM:0]]
[2019.01.26-02.15.32:135][  0]LogConfig: Setting CVar [[r.Streaming.PoolSize:1000]]
[2019.01.26-02.15.32:135][  0]LogConfig: Setting CVar [[r.Streaming.MaxEffectiveScreenSize:0]]
[2019.01.26-02.15.32:135][  0]LogConfig: Applying CVar settings from Section [EffectsQuality@3] File [F:/Projects/Unreal/GGJ_UE_Workshop/Saved/Config/Windows/Scalability.ini]
[2019.01.26-02.15.32:135][  0]LogConfig: Setting CVar [[r.TranslucencyLightingVolumeDim:4]]
[2019.01.26-02.15.32:135][  0]LogConfig: Setting CVar [[r.RefractionQuality:2]]
[2019.01.26-02.15.32:135][  0]LogConfig: Setting CVar [[r.SSR.Quality:0]]
[2019.01.26-02.15.32:135][  0]LogConfig: Setting CVar [[r.SceneColorFormat:2]]
[2019.01.26-02.15.32:135][  0]LogConfig: Setting CVar [[r.DetailMode:2]]
[2019.01.26-02.15.32:135][  0]LogConfig: Setting CVar [[r.TranslucencyVolumeBlur:0]]
[2019.01.26-02.15.32:135][  0]LogConfig: Setting CVar [[r.MaterialQualityLevel:1 ; High quality]]
[2019.01.26-02.15.32:135][  0]LogConfig: Setting CVar [[r.SSS.Scale:1]]
[2019.01.26-02.15.32:135][  0]LogConfig: Setting CVar [[r.SSS.SampleSet:2]]
[2019.01.26-02.15.32:135][  0]LogConfig: Setting CVar [[r.SSS.Quality:1]]
[2019.01.26-02.15.32:135][  0]LogConfig: Setting CVar [[r.SSS.HalfRes:1]]
[2019.01.26-02.15.32:135][  0]LogConfig: Setting CVar [[r.EmitterSpawnRateScale:1.0]]
[2019.01.26-02.15.32:135][  0]LogConfig: Setting CVar [[r.ParticleLightQuality:2]]
[2019.01.26-02.15.32:135][  0]LogConfig: Applying CVar settings from Section [FoliageQuality@3] File [F:/Projects/Unreal/GGJ_UE_Workshop/Saved/Config/Windows/Scalability.ini]
[2019.01.26-02.15.32:135][  0]LogConfig: Setting CVar [[foliage.DensityScale:1.0]]
[2019.01.26-02.15.32:135][  0]LogConfig: Setting CVar [[grass.DensityScale:1.0]]
[2019.01.26-02.15.32:135][  0]LogInit: Selected Device Profile: [Windows]
[2019.01.26-02.15.32:135][  0]LogInit: Applying CVar settings loaded from the selected device profile: [Windows]
[2019.01.26-02.15.32:152][  0]LogHAL: Display: Platform has ~ 16 GB [17111269376 / 17179869184 / 16], which maps to Larger [LargestMinGB=32, LargerMinGB=12, DefaultMinGB=8, SmallerMinGB=6, SmallestMinGB=0)
[2019.01.26-02.15.32:152][  0]LogConfig: Setting CVar [[r.Vulkan.UseRealUBs:1]]
[2019.01.26-02.15.32:152][  0]LogInit: Going up to parent DeviceProfile []
[2019.01.26-02.15.32:152][  0]LogConfig: Applying CVar settings from Section [ViewDistanceQuality@0] File [F:/Projects/Unreal/GGJ_UE_Workshop/Saved/Config/Windows/Scalability.ini]
[2019.01.26-02.15.32:152][  0]LogConfig: Setting CVar [[r.SkeletalMeshLODBias:2]]
[2019.01.26-02.15.32:152][  0]LogConfig: Setting CVar [[r.ViewDistanceScale:0.4]]
[2019.01.26-02.15.32:152][  0]LogConfig: Applying CVar settings from Section [AntiAliasingQuality@0] File [F:/Projects/Unreal/GGJ_UE_Workshop/Saved/Config/Windows/Scalability.ini]
[2019.01.26-02.15.32:152][  0]LogConfig: Setting CVar [[r.PostProcessAAQuality:0]]
[2019.01.26-02.15.32:152][  0]LogConfig: Applying CVar settings from Section [ShadowQuality@0] File [F:/Projects/Unreal/GGJ_UE_Workshop/Saved/Config/Windows/Scalability.ini]
[2019.01.26-02.15.32:152][  0]LogConfig: Setting CVar [[r.LightFunctionQuality:0]]
[2019.01.26-02.15.32:152][  0]LogConfig: Setting CVar [[r.ShadowQuality:0]]
[2019.01.26-02.15.32:152][  0]LogConfig: Setting CVar [[r.Shadow.CSM.MaxCascades:1]]
[2019.01.26-02.15.32:152][  0]LogConfig: Setting CVar [[r.Shadow.MaxResolution:512]]
[2019.01.26-02.15.32:152][  0]LogConfig: Setting CVar [[r.Shadow.MaxCSMResolution:512]]
[2019.01.26-02.15.32:152][  0]LogConfig: Setting CVar [[r.Shadow.RadiusThreshold:0.06]]
[2019.01.26-02.15.32:152][  0]LogConfig: Setting CVar [[r.Shadow.DistanceScale:0.6]]
[2019.01.26-02.15.32:152][  0]LogConfig: Setting CVar [[r.Shadow.CSM.TransitionScale:0]]
[2019.01.26-02.15.32:152][  0]LogConfig: Setting CVar [[r.Shadow.PreShadowResolutionFactor:0.5]]
[2019.01.26-02.15.32:152][  0]LogConfig: Setting CVar [[r.DistanceFieldShadowing:0]]
[2019.01.26-02.15.32:152][  0]LogConfig: Setting CVar [[r.DistanceFieldAO:0]]
[2019.01.26-02.15.32:152][  0]LogConfig: Setting CVar [[r.VolumetricFog:0]]
[2019.01.26-02.15.32:152][  0]LogConfig: Setting CVar [[r.LightMaxDrawDistanceScale:0]]
[2019.01.26-02.15.32:152][  0]LogConfig: Setting CVar [[r.CapsuleShadows:0]]
[2019.01.26-02.15.32:153][  0]LogConfig: Applying CVar settings from Section [PostProcessQuality@0] File [F:/Projects/Unreal/GGJ_UE_Workshop/Saved/Config/Windows/Scalability.ini]
[2019.01.26-02.15.32:153][  0]LogConfig: Setting CVar [[r.MotionBlurQuality:0]]
[2019.01.26-02.15.32:153][  0]LogConfig: Setting CVar [[r.AmbientOcclusionMipLevelFactor:1.0]]
[2019.01.26-02.15.32:153][  0]LogConfig: Setting CVar [[r.AmbientOcclusionMaxQuality:0]]
[2019.01.26-02.15.32:153][  0]LogConfig: Setting CVar [[r.AmbientOcclusionLevels:0]]
[2019.01.26-02.15.32:153][  0]LogConfig: Setting CVar [[r.AmbientOcclusionRadiusScale:1.2]]
[2019.01.26-02.15.32:153][  0]LogConfig: Setting CVar [[r.DepthOfFieldQuality:0]]
[2019.01.26-02.15.32:153][  0]LogConfig: Setting CVar [[r.RenderTargetPoolMin:300]]
[2019.01.26-02.15.32:153][  0]LogConfig: Setting CVar [[r.LensFlareQuality:0]]
[2019.01.26-02.15.32:153][  0]LogConfig: Setting CVar [[r.SceneColorFringeQuality:0]]
[2019.01.26-02.15.32:153][  0]LogConfig: Setting CVar [[r.EyeAdaptationQuality:0]]
[2019.01.26-02.15.32:153][  0]LogConfig: Setting CVar [[r.BloomQuality:1]]
[2019.01.26-02.15.32:153][  0]LogConfig: Setting CVar [[r.FastBlurThreshold:0]]
[2019.01.26-02.15.32:153][  0]LogConfig: Setting CVar [[r.Upscale.Quality:1]]
[2019.01.26-02.15.32:153][  0]LogConfig: Setting CVar [[r.Tonemapper.GrainQuantization:0]]
[2019.01.26-02.15.32:153][  0]LogConfig: Setting CVar [[r.LightShaftQuality:0]]
[2019.01.26-02.15.32:153][  0]LogConfig: Setting CVar [[r.Filter.SizeScale:0.6]]
[2019.01.26-02.15.32:153][  0]LogConfig: Setting CVar [[r.Tonemapper.Quality:0]]
[2019.01.26-02.15.32:153][  0]LogConfig: Applying CVar settings from Section [TextureQuality@0] File [F:/Projects/Unreal/GGJ_UE_Workshop/Saved/Config/Windows/Scalability.ini]
[2019.01.26-02.15.32:153][  0]LogConfig: Setting CVar [[r.Streaming.MipBias:16]]
[2019.01.26-02.15.32:153][  0]LogConfig: Setting CVar [[r.Streaming.AmortizeCPUToGPUCopy:1]]
[2019.01.26-02.15.32:153][  0]LogConfig: Setting CVar [[r.Streaming.MaxNumTexturesToStreamPerFrame:1]]
[2019.01.26-02.15.32:153][  0]LogConfig: Setting CVar [[r.Streaming.Boost:0.3]]
[2019.01.26-02.15.32:153][  0]LogConfig: Setting CVar [[r.MaxAnisotropy:0]]
[2019.01.26-02.15.32:153][  0]LogConfig: Setting CVar [[r.Streaming.LimitPoolSizeToVRAM:1]]
[2019.01.26-02.15.32:153][  0]LogConfig: Setting CVar [[r.Streaming.PoolSize:400]]
[2019.01.26-02.15.32:153][  0]LogConfig: Setting CVar [[r.Streaming.MaxEffectiveScreenSize:0]]
[2019.01.26-02.15.32:153][  0]LogConfig: Applying CVar settings from Section [EffectsQuality@2] File [F:/Projects/Unreal/GGJ_UE_Workshop/Saved/Config/Windows/Scalability.ini]
[2019.01.26-02.15.32:153][  0]LogConfig: Setting CVar [[r.TranslucencyLightingVolumeDim:4]]
[2019.01.26-02.15.32:153][  0]LogConfig: Setting CVar [[r.RefractionQuality:2]]
[2019.01.26-02.15.32:153][  0]LogConfig: Setting CVar [[r.SSR.Quality:0]]
[2019.01.26-02.15.32:153][  0]LogConfig: Setting CVar [[r.SceneColorFormat:2]]
[2019.01.26-02.15.32:153][  0]LogConfig: Setting CVar [[r.DetailMode:1]]
[2019.01.26-02.15.32:153][  0]LogConfig: Setting CVar [[r.TranslucencyVolumeBlur:0]]
[2019.01.26-02.15.32:153][  0]LogConfig: Setting CVar [[r.MaterialQualityLevel:1 ; High quality]]
[2019.01.26-02.15.32:153][  0]LogConfig: Setting CVar [[r.SSS.Scale:1]]
[2019.01.26-02.15.32:153][  0]LogConfig: Setting CVar [[r.SSS.SampleSet:1]]
[2019.01.26-02.15.32:153][  0]LogConfig: Setting CVar [[r.SSS.Quality:-1]]
[2019.01.26-02.15.32:153][  0]LogConfig: Setting CVar [[r.SSS.HalfRes:1]]
[2019.01.26-02.15.32:153][  0]LogConfig: Setting CVar [[r.EmitterSpawnRateScale:0.5]]
[2019.01.26-02.15.32:153][  0]LogConfig: Setting CVar [[r.ParticleLightQuality:1]]
[2019.01.26-02.15.32:153][  0]LogConfig: Applying CVar settings from Section [FoliageQuality@0] File [F:/Projects/Unreal/GGJ_UE_Workshop/Saved/Config/Windows/Scalability.ini]
[2019.01.26-02.15.32:153][  0]LogConfig: Setting CVar [[foliage.DensityScale:0]]
[2019.01.26-02.15.32:153][  0]LogConfig: Setting CVar [[grass.DensityScale:0]]
[2019.01.26-02.15.32:153][  0]LogConfig: Applying CVar settings from Section [Startup] File [../../../Engine/Config/ConsoleVariables.ini]
[2019.01.26-02.15.32:157][  0]LogConfig: Setting CVar [[net.UseAdaptiveNetUpdateFrequency:0]]
[2019.01.26-02.15.32:157][  0]LogConfig: Applying CVar settings from Section [ConsoleVariables] File [F:/Projects/Unreal/GGJ_UE_Workshop/Saved/Config/Windows/Engine.ini]
[2019.01.26-02.15.32:157][  0]LogInit: Computer: WHITECUBE
[2019.01.26-02.15.32:157][  0]LogInit: User: Edward
[2019.01.26-02.15.32:157][  0]LogInit: CPU Page size=4096, Cores=8
[2019.01.26-02.15.32:157][  0]LogInit: High frequency timer resolution =10.000000 MHz
[2019.01.26-02.15.32:158][  0]LogMemory: Memory total: Physical=15.9GB (16GB approx)
[2019.01.26-02.15.32:158][  0]LogMemory: Platform Memory Stats for Windows
[2019.01.26-02.15.32:158][  0]LogMemory: Process Physical Memory: 109.84 MB used, 109.84 MB peak
[2019.01.26-02.15.32:158][  0]LogMemory: Process Virtual Memory: 95.36 MB used, 95.36 MB peak
[2019.01.26-02.15.32:158][  0]LogMemory: Physical Memory: 6336.24 MB used,  9982.34 MB free, 16318.58 MB total
[2019.01.26-02.15.32:158][  0]LogMemory: Virtual Memory: 4704.16 MB used,  134213024.00 MB free, 134217728.00 MB total
[2019.01.26-02.15.32:180][  0]LogInit: Using OS detected language (en-US).
[2019.01.26-02.15.32:180][  0]LogInit: Using OS detected locale (en-US).
[2019.01.26-02.15.32:181][  0]LogTextLocalizationManager: No specific localization for 'en-US' exists, so the 'en' localization will be used.
[2019.01.26-02.15.32:706][  0]LogStreaming: Display: Took  0.525s to InitEngineTextLocalization.
[2019.01.26-02.15.32:706][  0]LogInit: Setting process to per monitor DPI aware
[2019.01.26-02.15.32:763][  0]LogSlate: New Slate User Created.  User Index 0, Is Virtual User: 0
[2019.01.26-02.15.32:763][  0]LogSlate: Slate User Registered.  User Index 0, Is Virtual User: 0
[2019.01.26-02.15.38:458][  0]LogD3D11RHI: D3D11 adapters:
[2019.01.26-02.15.38:512][  0]LogD3D11RHI:    0. 'NVIDIA GeForce GTX 1080' (Feature Level 11_0)
[2019.01.26-02.15.38:512][  0]LogD3D11RHI:       8079/0/8159 MB DedicatedVideo/DedicatedSystem/SharedSystem, Outputs:1, VendorId:0x10de
[2019.01.26-02.15.38:517][  0]LogD3D11RHI:    1. 'Microsoft Basic Render Driver' (Feature Level 11_0)
[2019.01.26-02.15.38:517][  0]LogD3D11RHI:       0/0/8159 MB DedicatedVideo/DedicatedSystem/SharedSystem, Outputs:0, VendorId:0x1414
[2019.01.26-02.15.38:517][  0]LogD3D11RHI: Chosen D3D11 Adapter: 0
[2019.01.26-02.15.38:524][  0]LogD3D11RHI: Creating new Direct3DDevice
[2019.01.26-02.15.38:524][  0]LogD3D11RHI:     GPU DeviceId: 0x1b80 (for the marketing name, search the web for "GPU Device Id")
[2019.01.26-02.15.38:524][  0]LogWindows: EnumDisplayDevices:
[2019.01.26-02.15.38:524][  0]LogWindows:    0. 'NVIDIA GeForce GTX 1080' (P:1 D:1)
[2019.01.26-02.15.38:524][  0]LogWindows:    1. 'NVIDIA GeForce GTX 1080' (P:0 D:0)
[2019.01.26-02.15.38:524][  0]LogWindows:    2. 'NVIDIA GeForce GTX 1080' (P:0 D:0)
[2019.01.26-02.15.38:525][  0]LogWindows:    3. 'NVIDIA GeForce GTX 1080' (P:0 D:0)
[2019.01.26-02.15.38:525][  0]LogWindows:    4. 'Mirage Driver' (P:0 D:0)
[2019.01.26-02.15.38:525][  0]LogWindows: DebugString: GetVideoDriverDetailsInvalid PrimaryIsNotTheChoosenAdapter FoundDriverCount:4 
[2019.01.26-02.15.38:525][  0]LogD3D11RHI:     Adapter Name: NVIDIA GeForce GTX 1080
[2019.01.26-02.15.38:525][  0]LogD3D11RHI:   Driver Version: 417.71 (internal:25.21.14.1771, unified:417.71)
[2019.01.26-02.15.38:525][  0]LogD3D11RHI:      Driver Date: 1-11-2019
[2019.01.26-02.15.38:525][  0]LogRHI: Texture pool is 5655 MB (70% of 8079 MB)
[2019.01.26-02.15.38:567][  0]LogD3D11RHI: Async texture creation enabled
[2019.01.26-02.15.38:585][  0]LogD3D11RHI: GPU Timing Frequency: 1000.000000 (Debug: 2 2)
[2019.01.26-02.15.39:066][  0]LogTemp: Display: Loaded TP AllDesktopTargetPlatform
[2019.01.26-02.15.39:079][  0]LogTemp: Display: Loaded TP MacClientTargetPlatform
[2019.01.26-02.15.39:093][  0]LogTemp: Display: Loaded TP MacNoEditorTargetPlatform
[2019.01.26-02.15.39:108][  0]LogTemp: Display: Loaded TP MacServerTargetPlatform
[2019.01.26-02.15.39:126][  0]LogTemp: Display: Loaded TP MacTargetPlatform
[2019.01.26-02.15.39:140][  0]LogTemp: Display: Loaded TP WindowsClientTargetPlatform
[2019.01.26-02.15.39:154][  0]LogTemp: Display: Loaded TP WindowsNoEditorTargetPlatform
[2019.01.26-02.15.39:168][  0]LogTemp: Display: Loaded TP WindowsServerTargetPlatform
[2019.01.26-02.15.39:174][  0]LogTemp: Display: Loaded TP WindowsTargetPlatform
[2019.01.26-02.15.39:259][  0]LogTemp: Display: Loaded TP AndroidTargetPlatform
[2019.01.26-02.15.39:259][  0]LogTemp: Display: Loaded TP AndroidTargetPlatform
[2019.01.26-02.15.39:259][  0]LogTemp: Display: Loaded TP AndroidTargetPlatform
[2019.01.26-02.15.39:259][  0]LogTemp: Display: Loaded TP AndroidTargetPlatform
[2019.01.26-02.15.39:259][  0]LogTemp: Display: Loaded TP AndroidTargetPlatform
[2019.01.26-02.15.39:259][  0]LogTemp: Display: Loaded TP AndroidTargetPlatform
[2019.01.26-02.15.39:259][  0]LogTemp: Display: Loaded TP AndroidTargetPlatform
[2019.01.26-02.15.39:259][  0]LogTemp: Display: Loaded TP AndroidTargetPlatform
[2019.01.26-02.15.39:259][  0]LogTemp: Display: Loaded TP AndroidTargetPlatform
[2019.01.26-02.15.39:259][  0]LogTemp: Display: Loaded TP AndroidTargetPlatform
[2019.01.26-02.15.39:259][  0]LogTemp: Display: Loaded TP AndroidTargetPlatform
[2019.01.26-02.15.39:259][  0]LogTemp: Display: Loaded TP AndroidTargetPlatform
[2019.01.26-02.15.39:259][  0]LogTemp: Display: Loaded TP AndroidTargetPlatform
[2019.01.26-02.15.39:259][  0]LogTemp: Display: Loaded TP AndroidTargetPlatform
[2019.01.26-02.15.39:259][  0]LogTemp: Display: Loaded TP AndroidTargetPlatform
[2019.01.26-02.15.39:259][  0]LogTemp: Display: Loaded TP AndroidTargetPlatform
[2019.01.26-02.15.39:259][  0]LogTemp: Display: Loaded TP AndroidTargetPlatform
[2019.01.26-02.15.39:259][  0]LogTemp: Display: Loaded TP AndroidTargetPlatform
[2019.01.26-02.15.39:261][  0]LogTemp: Display: Loaded TP HTML5TargetPlatform
[2019.01.26-02.15.39:327][  0]LogTemp: Display: Loaded TP IOSTargetPlatform
[2019.01.26-02.15.39:327][  0]LogTemp: Display: Loaded TP IOSTargetPlatform
[2019.01.26-02.15.39:352][  0]LogTemp: Display: Loaded TP TVOSTargetPlatform
[2019.01.26-02.15.39:352][  0]LogTemp: Display: Loaded TP TVOSTargetPlatform
[2019.01.26-02.15.39:365][  0]LogTemp: Display: Loaded TP LinuxClientTargetPlatform
[2019.01.26-02.15.39:377][  0]LogTemp: Display: Loaded TP LinuxNoEditorTargetPlatform
[2019.01.26-02.15.39:390][  0]LogTemp: Display: Loaded TP LinuxServerTargetPlatform
[2019.01.26-02.15.39:410][  0]LogTemp: Display: Loaded TP LinuxTargetPlatform
[2019.01.26-02.15.39:459][  0]LogTemp: Display: Loaded TP LuminTargetPlatform
[2019.01.26-02.15.39:459][  0]LogTemp: Display: Loaded TP LuminTargetPlatform
[2019.01.26-02.15.39:459][  0]LogTargetPlatformManager: Display: Building Assets For Windows
[2019.01.26-02.15.39:511][  0]LogShaderCompilers: Guid format shader working directory is -2 characters bigger than the processId version (../../../../../../Projects/Unreal/GGJ_UE_Workshop/Intermediate/Shaders/WorkingDirectory/3196/).
[2019.01.26-02.15.39:511][  0]LogShaderCompilers: Cleaned the shader compiler working directory 'C:/Users/Edward/AppData/Local/Temp/UnrealShaderWorkingDir/D9B0FE18489F990BE982538A1DF19D63/'.
[2019.01.26-02.15.39:513][  0]LogXGEController: Cleaning working directory: C:/Users/Edward/AppData/Local/Temp/UnrealXGEWorkingDir/
[2019.01.26-02.15.39:525][  0]LogShaderCompilers: Display: Using XGE Shader Compiler (Interception Interface).
[2019.01.26-02.15.41:117][  0]LogDerivedDataCache: Display: Max Cache Size: 512 MB
[2019.01.26-02.15.41:209][  0]LogDerivedDataCache: Loaded boot cache 0.09s 92MB C:/Users/Edward/AppData/Local/UnrealEngine/4.21/DerivedDataCache/Boot.ddc.
[2019.01.26-02.15.41:210][  0]LogDerivedDataCache: Display: Loaded Boot cache: C:/Users/Edward/AppData/Local/UnrealEngine/4.21/DerivedDataCache/Boot.ddc
[2019.01.26-02.15.41:210][  0]LogDerivedDataCache: FDerivedDataBackendGraph:  Pak pak cache file ../../../../../../Projects/Unreal/GGJ_UE_Workshop/DerivedDataCache/DDC.ddp not found, will not use a pak cache.
[2019.01.26-02.15.41:210][  0]LogDerivedDataCache: Unable to find inner node Pak for hierarchical cache Hierarchy.
[2019.01.26-02.15.41:210][  0]LogDerivedDataCache: FDerivedDataBackendGraph:  CompressedPak pak cache file ../../../../../../Projects/Unreal/GGJ_UE_Workshop/DerivedDataCache/Compressed.ddp not found, will not use a pak cache.
[2019.01.26-02.15.41:210][  0]LogDerivedDataCache: Unable to find inner node CompressedPak for hierarchical cache Hierarchy.
[2019.01.26-02.15.41:223][  0]LogDerivedDataCache: Display: Pak cache opened for reading ../../../Engine/DerivedDataCache/Compressed.ddp.
[2019.01.26-02.15.41:223][  0]LogDerivedDataCache: FDerivedDataBackendGraph:  EnterprisePak pak cache file ../../../Enterprise/DerivedDataCache/Compressed.ddp not found, will not use a pak cache.
[2019.01.26-02.15.41:223][  0]LogDerivedDataCache: Unable to find inner node EnterprisePak for hierarchical cache Hierarchy.
[2019.01.26-02.15.41:235][  0]LogDerivedDataCache: Using Local data cache path C:/Users/Edward/AppData/Local/UnrealEngine/Common/DerivedDataCache: Writable
[2019.01.26-02.15.41:235][  0]LogDerivedDataCache: Shared data cache path not found in *engine.ini, will not use an Shared cache.
[2019.01.26-02.15.41:235][  0]LogDerivedDataCache: Unable to find inner node Shared for hierarchical cache Hierarchy.
[2019.01.26-02.15.41:257][  0]LogMaterial: Verifying Global Shaders for PCD3D_SM5
[2019.01.26-02.15.41:258][  0]LogSlate: Using FreeType 2.6.0
[2019.01.26-02.15.41:272][  0]LogSlate: SlateFontServices - WITH_FREETYPE: 1, WITH_HARFBUZZ: 1
[2019.01.26-02.15.41:498][  0]LogAssetRegistry: FAssetRegistry took 0.0343 seconds to start up
[2019.01.26-02.15.41:804][  0]LogInit: Selected Device Profile: [Windows]
[2019.01.26-02.15.41:943][  0]LogSimplygon: Simplygon DLL not present - disabling.
[2019.01.26-02.15.41:946][  0]LogMeshReduction: Using SimplygonSwarm for distributed automatic mesh merging
[2019.01.26-02.15.41:946][  0]LogMeshReduction: Using ProxyLODMeshReduction for automatic mesh merging
[2019.01.26-02.15.41:946][  0]LogMeshReduction: Using QuadricMeshReduction for automatic static mesh reduction
[2019.01.26-02.15.41:946][  0]LogMeshReduction: No automatic skeletal mesh reduction module available
[2019.01.26-02.15.41:967][  0]LogNetVersion: GGJ_UE_Workshop 1.0.0, NetCL: 4541578, EngineNetVer: 5, GameNetVer: 0 (Checksum: 2784339637)
[2019.01.26-02.15.42:520][  0]LogPackageLocalizationCache: Processed 14 localized package path(s) for 2 prioritized culture(s) in 0.109169 seconds
[2019.01.26-02.15.42:528][  0]LogUObjectArray: 39788 objects as part of root set at end of initial load.
[2019.01.26-02.15.42:528][  0]LogUObjectAllocator: 6917680 out of 0 bytes used by permanent object pool.
[2019.01.26-02.15.42:528][  0]LogUObjectArray: CloseDisregardForGC: 0/0 objects in disregard for GC pool
[2019.01.26-02.15.44:668][  0]LogMaterial: Display: Missing cached shader map for material BaseColor, compiling. 
[2019.01.26-02.15.44:669][  0]LogMaterial: Warning: F:\Development\Epic Games\UE_4.21\Engine\Content\BufferVisualization\BaseColor.uasset: Failed to compile Material for platform PCD3D_SM5, Default Material will be used in game.
[2019.01.26-02.15.44:669][  0]LogMaterial: 	(Node SceneTexture) GBuffer scene textures not available with forward shading.
[2019.01.26-02.15.44:706][  0]LogMaterial: Display: Missing cached shader map for material LightingModel, compiling. 
[2019.01.26-02.15.44:706][  0]LogMaterial: Warning: F:\Development\Epic Games\UE_4.21\Engine\Content\BufferVisualization\LightingModel.uasset: Failed to compile Material for platform PCD3D_SM5, Default Material will be used in game.
[2019.01.26-02.15.44:706][  0]LogMaterial: 	(Node SceneTexture) GBuffer scene textures not available with forward shading.
[2019.01.26-02.15.44:710][  0]LogMaterial: Display: Missing cached shader map for material MaterialAO, compiling. 
[2019.01.26-02.15.44:710][  0]LogMaterial: Warning: F:\Development\Epic Games\UE_4.21\Engine\Content\BufferVisualization\MaterialAO.uasset: Failed to compile Material for platform PCD3D_SM5, Default Material will be used in game.
[2019.01.26-02.15.44:710][  0]LogMaterial: 	(Node SceneTexture) GBuffer scene textures not available with forward shading.
[2019.01.26-02.15.44:714][  0]LogMaterial: Display: Missing cached shader map for material Metallic, compiling. 
[2019.01.26-02.15.44:714][  0]LogMaterial: Warning: F:\Development\Epic Games\UE_4.21\Engine\Content\BufferVisualization\Metallic.uasset: Failed to compile Material for platform PCD3D_SM5, Default Material will be used in game.
[2019.01.26-02.15.44:714][  0]LogMaterial: 	(Node SceneTexture) GBuffer scene textures not available with forward shading.
[2019.01.26-02.15.44:717][  0]LogMaterial: Display: Missing cached shader map for material Opacity, compiling. 
[2019.01.26-02.15.44:718][  0]LogMaterial: Warning: F:\Development\Epic Games\UE_4.21\Engine\Content\BufferVisualization\Opacity.uasset: Failed to compile Material for platform PCD3D_SM5, Default Material will be used in game.
[2019.01.26-02.15.44:718][  0]LogMaterial: 	(Node SceneTexture) GBuffer scene textures not available with forward shading.
[2019.01.26-02.15.44:722][  0]LogMaterial: Display: Missing cached shader map for material Roughness, compiling. 
[2019.01.26-02.15.44:722][  0]LogMaterial: Warning: F:\Development\Epic Games\UE_4.21\Engine\Content\BufferVisualization\Roughness.uasset: Failed to compile Material for platform PCD3D_SM5, Default Material will be used in game.
[2019.01.26-02.15.44:722][  0]LogMaterial: 	(Node SceneTexture) GBuffer scene textures not available with forward shading.
[2019.01.26-02.15.44:749][  0]LogMaterial: Display: Missing cached shader map for material Specular, compiling. 
[2019.01.26-02.15.44:749][  0]LogMaterial: Warning: F:\Development\Epic Games\UE_4.21\Engine\Content\BufferVisualization\Specular.uasset: Failed to compile Material for platform PCD3D_SM5, Default Material will be used in game.
[2019.01.26-02.15.44:749][  0]LogMaterial: 	(Node SceneTexture) GBuffer scene textures not available with forward shading.
[2019.01.26-02.15.44:753][  0]LogMaterial: Display: Missing cached shader map for material SubsurfaceColor, compiling. 
[2019.01.26-02.15.44:753][  0]LogMaterial: Warning: F:\Development\Epic Games\UE_4.21\Engine\Content\BufferVisualization\SubsurfaceColor.uasset: Failed to compile Material for platform PCD3D_SM5, Default Material will be used in game.
[2019.01.26-02.15.44:753][  0]LogMaterial: 	(Node SceneTexture) GBuffer scene textures not available with forward shading.
[2019.01.26-02.15.44:757][  0]LogMaterial: Display: Missing cached shader map for material WorldNormal, compiling. 
[2019.01.26-02.15.44:757][  0]LogMaterial: Warning: F:\Development\Epic Games\UE_4.21\Engine\Content\BufferVisualization\WorldNormal.uasset: Failed to compile Material for platform PCD3D_SM5, Default Material will be used in game.
[2019.01.26-02.15.44:757][  0]LogMaterial: 	(Node SceneTexture) GBuffer scene textures not available with forward shading.
[2019.01.26-02.15.44:873][  0]LogTcpMessaging: Initializing TcpMessaging bridge
[2019.01.26-02.15.44:886][  0]LogUdpMessaging: Initializing bridge on interface 0.0.0.0:0 to multicast group 230.0.0.1:6666.
[2019.01.26-02.15.45:540][  0]SourceControl: Source control is disabled
[2019.01.26-02.15.45:540][  0]SourceControl: Source control is disabled
[2019.01.26-02.15.45:542][  0]SourceControl: Source control is disabled
[2019.01.26-02.15.45:544][  0]SourceControl: Source control is disabled
[2019.01.26-02.15.46:236][  0]LogAndroidPermission: UAndroidPermissionCallbackProxy::GetInstance
[2019.01.26-02.15.46:553][  0]LogOcInput: OculusInput pre-init called
[2019.01.26-02.15.46:690][  0]LogEngine: Initializing Engine...
[2019.01.26-02.15.46:742][  0]LogHMD: SteamVR initialized.  Driver: lighthouse  Display: LHR-BED9A717
[2019.01.26-02.15.46:744][  0]LogStats: UGameplayTagsManager::ConstructGameplayTagTree: ImportINI prefixes -  0.000 s
[2019.01.26-02.15.46:744][  0]LogStats: UGameplayTagsManager::ConstructGameplayTagTree: Construct from data asset -  0.000 s
[2019.01.26-02.15.46:744][  0]LogStats: UGameplayTagsManager::ConstructGameplayTagTree: ImportINI -  0.000 s
[2019.01.26-02.15.46:744][  0]LogStats: UGameplayTagsManager::ConstructGameplayTagTree: GameplayTagTreeChangedEvent.Broadcast -  0.000 s
[2019.01.26-02.15.46:989][  0]LogInit: Initializing FReadOnlyCVARCache
[2019.01.26-02.15.47:000][  0]LogAIModule: Creating AISystem for world Untitled
[2019.01.26-02.15.47:169][  0]LogInit: XAudio2 using 'Speakers (3- USB Audio Device)' : 2 channels at 44.1 kHz using 16 bits per sample (channel mask 0x3)
[2019.01.26-02.15.47:193][  0]LogInit: FAudioDevice initialized.
[2019.01.26-02.15.47:193][  0]LogNetVersion: Set ProjectVersion to 1.0.0.0. Version Checksum will be recalculated on next use.
[2019.01.26-02.15.47:250][  0]LogDerivedDataCache: Saved boot cache 0.06s 92MB C:/Users/Edward/AppData/Local/UnrealEngine/4.21/DerivedDataCache/Boot.ddc.
[2019.01.26-02.15.47:261][  0]LogInit: Texture streaming: Enabled
[2019.01.26-02.15.47:277][  0]LogEngineSessionManager: EngineSessionManager initialized
[2019.01.26-02.15.47:294][  0]LogInit: Transaction tracking system initialized
[2019.01.26-02.15.47:313][  0]BlueprintLog: New page: Editor Load
[2019.01.26-02.15.47:387][  0]LocalizationService: Localization service is disabled
[2019.01.26-02.15.48:232][  0]LogFileCache: Scanning file cache for directory 'F:/Projects/Unreal/GGJ_UE_Workshop/Content/' took 0.02s
[2019.01.26-02.15.48:232][  0]LogCook: Display: Max memory allowance for cook 16384mb min free memory 0mb
[2019.01.26-02.15.48:232][  0]LogCook: Display: Mobile HDR setting 1
[2019.01.26-02.15.48:232][  0]LogGameplayTags: Display: UGameplayTagsManager::DoneAddingNativeTags. DelegateIsBound: 0
[2019.01.26-02.15.48:232][  0]LogStats: UGameplayTagsManager::ConstructGameplayTagTree: ImportINI prefixes -  0.000 s
[2019.01.26-02.15.48:232][  0]LogStats: UGameplayTagsManager::ConstructGameplayTagTree: Construct from data asset -  0.000 s
[2019.01.26-02.15.48:232][  0]LogStats: UGameplayTagsManager::ConstructGameplayTagTree: ImportINI -  0.000 s
[2019.01.26-02.15.48:232][  0]LogStats: UGameplayTagsManager::ConstructGameplayTagTree: GameplayTagTreeChangedEvent.Broadcast -  0.000 s
[2019.01.26-02.15.48:421][  0]SourceControl: Source control is disabled
[2019.01.26-02.15.48:421][  0]Cmd: MAP LOAD FILE="../../../../../../Projects/Unreal/GGJ_UE_Workshop/Content/Levels/GGJ_UE_Workshop_Map.umap" TEMPLATE=0 SHOWPROGRESS=1 FEATURELEVEL=3
[2019.01.26-02.15.48:421][  0]LogEditorServer: Warning: Can't find file '../../../../../../Projects/Unreal/GGJ_UE_Workshop/Content/Levels/GGJ_UE_Workshop_Map.umap'
[2019.01.26-02.15.48:421][  0]Cmd: MAP CHECKDEP NOCLEARLOG
[2019.01.26-02.15.48:421][  0]MapCheck: Map check complete: 0 Error(s), 0 Warning(s), took 0.108ms to complete.
[2019.01.26-02.15.48:421][  0]LogFileHelpers: Loading map 'GGJ_UE_Workshop_Map' took 0.000
[2019.01.26-02.15.48:500][  0]LogSlate: Updating window title bar state: overlay mode, drag disabled, window buttons hidden, title bar hidden
[2019.01.26-02.15.48:506][  0]LogSlate: Updating window title bar state: overlay mode, drag disabled, window buttons hidden, title bar hidden
[2019.01.26-02.15.48:513][  0]LogSlate: Updating window title bar state: overlay mode, drag disabled, window buttons hidden, title bar hidden
[2019.01.26-02.15.48:519][  0]LogSlate: Updating window title bar state: overlay mode, drag disabled, window buttons hidden, title bar hidden
[2019.01.26-02.15.48:543][  0]LogCollectionManager: Loaded 0 collections in 0.001071 seconds
[2019.01.26-02.15.48:558][  0]LogFileCache: Scanning file cache for directory 'F:/Projects/Unreal/GGJ_UE_Workshop/Saved/Collections/' took 0.01s
[2019.01.26-02.15.48:558][  0]LogFileCache: Scanning file cache for directory 'F:/Projects/Unreal/GGJ_UE_Workshop/Content/Developers/Edward/Collections/' took 0.00s
[2019.01.26-02.15.48:558][  0]LogFileCache: Scanning file cache for directory 'F:/Projects/Unreal/GGJ_UE_Workshop/Content/Collections/' took 0.00s
[2019.01.26-02.15.48:558][  0]LogCollectionManager: Rebuilt the GUID cache for 0 collections in 0.000000 seconds
[2019.01.26-02.15.48:567][  0]LogContentBrowser: Native class hierarchy populated in 0.0090 seconds. Added 2772 classes and 640 folders.
[2019.01.26-02.15.48:572][  0]LogContentBrowser: Native class hierarchy updated for 'WidgetCarousel' in 0.0003 seconds. Added 0 classes and 0 folders.
[2019.01.26-02.15.48:578][  0]LogPakFile: Registered encryption key '00000000000000000000000000000000': 0 pak files mounted, 0 remain pending
[2019.01.26-02.15.48:584][  0]LogPakFile: Registered encryption key '00000000000000000000000000000000': 0 pak files mounted, 0 remain pending
[2019.01.26-02.15.48:610][  0]LogPakFile: Registered encryption key '00000000000000000000000000000000': 0 pak files mounted, 0 remain pending
[2019.01.26-02.15.48:615][  0]LogPakFile: Registered encryption key '00000000000000000000000000000000': 0 pak files mounted, 0 remain pending
[2019.01.26-02.15.48:621][  0]LogPakFile: Registered encryption key '00000000000000000000000000000000': 0 pak files mounted, 0 remain pending
[2019.01.26-02.15.48:627][  0]LogPakFile: Registered encryption key '00000000000000000000000000000000': 0 pak files mounted, 0 remain pending
[2019.01.26-02.15.48:631][  0]LogPakFile: Registered encryption key '00000000000000000000000000000000': 0 pak files mounted, 0 remain pending
[2019.01.26-02.15.48:636][  0]LogPakFile: Registered encryption key '00000000000000000000000000000000': 0 pak files mounted, 0 remain pending
[2019.01.26-02.15.48:642][  0]LogPakFile: Registered encryption key '00000000000000000000000000000000': 0 pak files mounted, 0 remain pending
[2019.01.26-02.15.48:648][  0]LogPakFile: Registered encryption key '00000000000000000000000000000000': 0 pak files mounted, 0 remain pending
[2019.01.26-02.15.48:653][  0]LogPakFile: Registered encryption key '00000000000000000000000000000000': 0 pak files mounted, 0 remain pending
[2019.01.26-02.15.48:658][  0]LogPakFile: Registered encryption key '00000000000000000000000000000000': 0 pak files mounted, 0 remain pending
[2019.01.26-02.15.48:664][  0]LogPakFile: Registered encryption key '00000000000000000000000000000000': 0 pak files mounted, 0 remain pending
[2019.01.26-02.15.48:669][  0]LogPakFile: Registered encryption key '00000000000000000000000000000000': 0 pak files mounted, 0 remain pending
[2019.01.26-02.15.48:673][  0]LogPakFile: Registered encryption key '00000000000000000000000000000000': 0 pak files mounted, 0 remain pending
[2019.01.26-02.15.48:678][  0]LogPakFile: Registered encryption key '00000000000000000000000000000000': 0 pak files mounted, 0 remain pending
[2019.01.26-02.15.48:713][  0]LogPakFile: Registered encryption key '00000000000000000000000000000000': 0 pak files mounted, 0 remain pending
[2019.01.26-02.15.48:719][  0]LogPakFile: Registered encryption key '00000000000000000000000000000000': 0 pak files mounted, 0 remain pending
[2019.01.26-02.15.48:725][  0]LogPakFile: Registered encryption key '00000000000000000000000000000000': 0 pak files mounted, 0 remain pending
[2019.01.26-02.15.48:731][  0]LogPakFile: Registered encryption key '00000000000000000000000000000000': 0 pak files mounted, 0 remain pending
[2019.01.26-02.15.48:775][  0]LogPakFile: Registered encryption key '00000000000000000000000000000000': 0 pak files mounted, 0 remain pending
[2019.01.26-02.15.48:781][  0]LogPakFile: Registered encryption key '00000000000000000000000000000000': 0 pak files mounted, 0 remain pending
[2019.01.26-02.15.48:786][  0]LogPakFile: Registered encryption key '00000000000000000000000000000000': 0 pak files mounted, 0 remain pending
[2019.01.26-02.15.48:791][  0]LogPakFile: Registered encryption key '00000000000000000000000000000000': 0 pak files mounted, 0 remain pending
[2019.01.26-02.15.48:797][  0]LogPakFile: Registered encryption key '00000000000000000000000000000000': 0 pak files mounted, 0 remain pending
[2019.01.26-02.15.48:801][  0]LogPakFile: Registered encryption key '00000000000000000000000000000000': 0 pak files mounted, 0 remain pending
[2019.01.26-02.15.48:947][  0]LogContentBrowser: Native class hierarchy updated for 'AddContentDialog' in 0.0003 seconds. Added 0 classes and 0 folders.
[2019.01.26-02.15.48:961][  0]LogContentBrowser: Native class hierarchy updated for 'SceneOutliner' in 0.0003 seconds. Added 1 classes and 2 folders.
[2019.01.26-02.15.49:029][  0]LogSlate: Took 0.006319 seconds to synchronously load lazily loaded font '../../../Engine/Content/Slate/Fonts/Roboto-Regular.ttf' (155K)
[2019.01.26-02.15.49:036][  0]LogSlate: Took 0.004103 seconds to synchronously load lazily loaded font '../../../Engine/Content/Slate/Fonts/Roboto-Bold.ttf' (160K)
[2019.01.26-02.15.49:045][  0]LogSlate: Took 0.004517 seconds to synchronously load lazily loaded font '../../../Engine/Content/Editor/Slate/Fonts/FontAwesome.ttf' (139K)
[2019.01.26-02.15.49:113][  0]LogRenderer: Reallocating scene render targets to support 1360x616 Format 26 NumSamples 1 (Frame:1).
[2019.01.26-02.15.49:222][  0]LogContentBrowser: Native class hierarchy updated for 'HierarchicalLODOutliner' in 0.0003 seconds. Added 0 classes and 0 folders.
[2019.01.26-02.15.49:222][  0]LogLoad: (Engine Initialization) Total time: 20.64 seconds
[2019.01.26-02.15.49:222][  0]LogLoad: (Engine Initialization) Total Blueprint compile time: 0.00 seconds
[2019.01.26-02.15.49:274][  0]LogAssetRegistry: Asset discovery search completed in 7.7981 seconds
[2019.01.26-02.15.49:276][  0]LogCollectionManager: Rebuilt the object cache for 0 collections in 0.000000 seconds (found 0 objects)
[2019.01.26-02.15.49:276][  0]LogCollectionManager: Fixed up redirectors for 0 collections in 0.000071 seconds (updated 0 objects)
[2019.01.26-02.15.49:278][  0]LogContentStreaming: Texture pool size now 400 MB
[2019.01.26-02.15.49:305][  0]LogSlate: Took 0.004778 seconds to synchronously load lazily loaded font '../../../Engine/Content/Slate/Fonts/Roboto-Light.ttf' (167K)
[2019.01.26-02.15.49:307][  0]LogSlate: Took 0.000099 seconds to synchronously load lazily loaded font '../../../Engine/Content/Slate/Fonts/Roboto-Light.ttf' (167K)
[2019.01.26-02.15.57:373][194]LogSlate: FSceneViewport::OnFocusLost() reason 0
[2019.01.26-02.16.04:910][  8]LogAIModule: Creating AISystem for world Unreal_Intro_Template_Map
[2019.01.26-02.16.04:929][  8]LogAssetEditorManager: Opening Asset editor for World /Game/Levels/Unreal_Intro_Template_Map.Unreal_Intro_Template_Map
[2019.01.26-02.16.04:960][  8]Cmd: MAP LOAD FILE="../../../../../../Projects/Unreal/GGJ_UE_Workshop/Content/Levels/Unreal_Intro_Template_Map.umap" TEMPLATE=0 SHOWPROGRESS=1 FEATURELEVEL=3
[2019.01.26-02.16.04:960][  8]LightingResults: New page: Lighting Build
[2019.01.26-02.16.04:962][  8]LogContentBrowser: Native class hierarchy updated for 'StatsViewer' in 0.0002 seconds. Added 5 classes and 0 folders.
[2019.01.26-02.16.04:963][  8]LoadErrors: New page: Loading map: Unreal_Intro_Template_Map.umap
[2019.01.26-02.16.04:963][  8]MapCheck: New page: Map Check
[2019.01.26-02.16.04:963][  8]LightingResults: New page: Lighting Build
[2019.01.26-02.16.05:085][  8]LogEditorServer: Finished looking for orphan Actors (0.000 secs)
[2019.01.26-02.16.05:145][  8]Cmd: MAP CHECKDEP NOCLEARLOG
[2019.01.26-02.16.05:146][  8]MapCheck: Map check complete: 0 Error(s), 0 Warning(s), took 1.131ms to complete.
[2019.01.26-02.16.05:146][  8]LogFileHelpers: Loading map 'Unreal_Intro_Template_Map' took 0.186
[2019.01.26-02.16.10:845][431]LogSlate: FSceneViewport::OnFocusLost() reason 0
[2019.01.26-02.17.19:468][227]LogSavePackage: Moving '../../../../../../Projects/Unreal/GGJ_UE_Workshop/Saved/Unreal_Intro_Template_Map8432C83C49E00FA70162CA9027A60FD9.tmp' to '../../../../../../Projects/Unreal/GGJ_UE_Workshop/Content/Levels/Unreal_Intro_Template_Map.umap'
[2019.01.26-02.17.19:573][227]LogSavePackage: Moving '../../../../../../Projects/Unreal/GGJ_UE_Workshop/Saved/Unreal_Intro_Template_Map_BuiltDF15873F74BDC5ED7FF7680971DBCE328.tmp' to '../../../../../../Projects/Unreal/GGJ_UE_Workshop/Content/Levels/Unreal_Intro_Template_Map_BuiltData.uasset'
